{"level":"info","message":"🔌 Client connected to Socket.io: CPbCfop7Y22lPbFYAAAh (vendorId: mock_vendor_79647)","timestamp":"2026-07-20 10:03:02.962"}
{"level":"info","message":"🏢 Socket CPbCfop7Y22lPbFYAAAh joined vendor room: mock_vendor_79647","timestamp":"2026-07-20 10:03:03.090"}
{"ip":"::1","level":"info","message":"Incoming request","method":"GET","requestId":"8c14939f-23a8-4050-9e69-0846c4a51bbd","timestamp":"2026-07-20 10:25:56.076","url":"/api/vendors/profile"}
{"contentLength":0,"ip":"::1","level":"info","message":"Request completed","method":"GET","requestId":"8c14939f-23a8-4050-9e69-0846c4a51bbd","responseTimeMs":954.73,"statusCode":304,"timestamp":"2026-07-20 10:25:57.023","url":"/api/vendors/profile"}
{"ip":"::1","level":"info","message":"Incoming request","method":"GET","requestId":"57767ab1-8e55-459f-976c-84690b23b55c","timestamp":"2026-07-20 10:25:57.043","url":"/api/pos"}
{"ip":"::1","level":"info","message":"Incoming request","method":"GET","requestId":"081223f5-0ba5-49ab-a194-874018423845","timestamp":"2026-07-20 10:25:57.049","url":"/api/grns"}
{"ip":"::1","level":"info","message":"Incoming request","method":"GET","requestId":"9033f12b-4d26-4013-96bb-a3eb125a3dfc","timestamp":"2026-07-20 10:25:57.058","url":"/api/asns"}
{"ip":"::1","level":"info","message":"Incoming request","method":"GET","requestId":"0d9140e1-f663-4a44-ad59-4ebf9be0e2bc","timestamp":"2026-07-20 10:25:57.066","url":"/api/invoices"}
{"ip":"::1","level":"info","message":"Incoming request","method":"GET","requestId":"3ba9b89f-37c5-4bec-a2d3-e23bfa0bc79f","timestamp":"2026-07-20 10:25:57.074","url":"/api/rfqs?all=true"}
{"contentLength":0,"ip":"::1","level":"info","message":"Request completed","method":"GET","requestId":"57767ab1-8e55-459f-976c-84690b23b55c","responseTimeMs":945.27,"statusCode":304,"timestamp":"2026-07-20 10:25:57.989","url":"/api/pos"}
{"contentLength":0,"ip":"::1","level":"info","message":"Request completed","method":"GET","requestId":"0d9140e1-f663-4a44-ad59-4ebf9be0e2bc","responseTimeMs":1194.15,"statusCode":304,"timestamp":"2026-07-20 10:25:58.260","url":"/api/invoices"}
{"contentLength":0,"ip":"::1","level":"info","message":"Request completed","method":"GET","requestId":"081223f5-0ba5-49ab-a194-874018423845","responseTimeMs":1303.66,"statusCode":304,"timestamp":"2026-07-20 10:25:58.353","url":"/api/grns"}
{"contentLength":0,"ip":"::1","level":"info","message":"Request completed","method":"GET","requestId":"9033f12b-4d26-4013-96bb-a3eb125a3dfc","responseTimeMs":1299.28,"statusCode":304,"timestamp":"2026-07-20 10:25:58.357","url":"/api/asns"}
{"contentLength":0,"ip":"::1","level":"info","message":"Request completed","method":"GET","requestId":"3ba9b89f-37c5-4bec-a2d3-e23bfa0bc79f","responseTimeMs":2222.51,"statusCode":304,"timestamp":"2026-07-20 10:25:59.295","url":"/api/rfqs?all=true"}
{"ip":"::1","level":"info","message":"Incoming request","method":"GET","requestId":"513016de-101d-46f0-8c8a-587a33dfc229","timestamp":"2026-07-20 10:26:56.611","url":"/api/vendors/profile"}
{"contentLength":0,"ip":"::1","level":"info","message":"Request completed","method":"GET","requestId":"513016de-101d-46f0-8c8a-587a33dfc229","responseTimeMs":196.58,"statusCode":304,"timestamp":"2026-07-20 10:26:56.807","url":"/api/vendors/profile"}
{"ip":"::1","level":"info","message":"Incoming request","method":"GET","requestId":"64678c06-ae2b-4aae-b6d2-01714b3626b8","timestamp":"2026-07-20 10:26:56.825","url":"/api/pos"}
{"ip":"::1","level":"info","message":"Incoming request","method":"GET","requestId":"88d3ba11-b449-4609-a8a1-7378fd94eaf2","timestamp":"2026-07-20 10:26:56.834","url":"/api/grns"}
{"ip":"::1","level":"info","message":"Incoming request","method":"GET","requestId":"0c0bc6d8-09b0-4ff4-891b-abc3550a5006","timestamp":"2026-07-20 10:26:56.837","url":"/api/asns"}
{"ip":"::1","level":"info","message":"Incoming request","method":"GET","requestId":"070543af-e23d-42a3-90b0-26d6b05c5102","timestamp":"2026-07-20 10:26:56.840","url":"/api/invoices"}
{"ip":"::1","level":"info","message":"Incoming request","method":"GET","requestId":"448baf47-7d4d-4e87-a3d6-26cd52a232c5","timestamp":"2026-07-20 10:26:56.844","url":"/api/rfqs?all=true"}
{"contentLength":0,"ip":"::1","level":"info","message":"Request completed","method":"GET","requestId":"0c0bc6d8-09b0-4ff4-891b-abc3550a5006","responseTimeMs":182.8,"statusCode":304,"timestamp":"2026-07-20 10:26:57.020","url":"/api/asns"}
{"contentLength":0,"ip":"::1","level":"info","message":"Request completed","method":"GET","requestId":"070543af-e23d-42a3-90b0-26d6b05c5102","responseTimeMs":274.67,"statusCode":304,"timestamp":"2026-07-20 10:26:57.114","url":"/api/invoices"}
{"contentLength":0,"ip":"::1","level":"info","message":"Request completed","method":"GET","requestId":"64678c06-ae2b-4aae-b6d2-01714b3626b8","responseTimeMs":292.27,"statusCode":304,"timestamp":"2026-07-20 10:26:57.117","url":"/api/pos"}
{"contentLength":0,"ip":"::1","level":"info","message":"Request completed","method":"GET","requestId":"88d3ba11-b449-4609-a8a1-7378fd94eaf2","responseTimeMs":285.24,"statusCode":304,"timestamp":"2026-07-20 10:26:57.118","url":"/api/grns"}
{"contentLength":0,"ip":"::1","level":"info","message":"Request completed","method":"GET","requestId":"448baf47-7d4d-4e87-a3d6-26cd52a232c5","responseTimeMs":1033.59,"statusCode":304,"timestamp":"2026-07-20 10:26:57.878","url":"/api/rfqs?all=true"}
{"ip":"::1","level":"info","message":"Incoming request","method":"GET","requestId":"5f31fb0e-5e48-4090-b8b8-cb3e2dd5d17e","timestamp":"2026-07-20 10:51:15.604","url":"/api/vendors/profile"}
{"contentLength":0,"ip":"::1","level":"info","message":"Request completed","method":"GET","requestId":"5f31fb0e-5e48-4090-b8b8-cb3e2dd5d17e","responseTimeMs":200.59,"statusCode":304,"timestamp":"2026-07-20 10:51:15.802","url":"/api/vendors/profile"}
{"ip":"::1","level":"info","message":"Incoming request","method":"GET","requestId":"24d34b2d-3acd-47b9-b8e1-8385ba6b2c1c","timestamp":"2026-07-20 10:51:15.814","url":"/api/pos"}
{"ip":"::1","level":"info","message":"Incoming request","method":"GET","requestId":"6993a205-9518-48e8-bafd-92612cedd95c","timestamp":"2026-07-20 10:51:15.817","url":"/api/grns"}
{"ip":"::1","level":"info","message":"Incoming request","method":"GET","requestId":"0a8319bf-1d93-4d5c-a186-25ecc596d2a9","timestamp":"2026-07-20 10:51:15.820","url":"/api/asns"}
{"ip":"::1","level":"info","message":"Incoming request","method":"GET","requestId":"86d5b246-e14d-42fc-a066-e7b17e20bf95","timestamp":"2026-07-20 10:51:15.824","url":"/api/invoices"}
{"ip":"::1","level":"info","message":"Incoming request","method":"GET","requestId":"4140ff60-8732-4f45-a593-609b419cfe38","timestamp":"2026-07-20 10:51:15.825","url":"/api/rfqs?all=true"}
{"contentLength":0,"ip":"::1","level":"info","message":"Request completed","method":"GET","requestId":"0a8319bf-1d93-4d5c-a186-25ecc596d2a9","responseTimeMs":185.55,"statusCode":304,"timestamp":"2026-07-20 10:51:16.006","url":"/api/asns"}
{"contentLength":0,"ip":"::1","level":"info","message":"Request completed","method":"GET","requestId":"86d5b246-e14d-42fc-a066-e7b17e20bf95","responseTimeMs":284.66,"statusCode":304,"timestamp":"2026-07-20 10:51:16.108","url":"/api/invoices"}
{"contentLength":0,"ip":"::1","level":"info","message":"Request completed","method":"GET","requestId":"4140ff60-8732-4f45-a593-609b419cfe38","responseTimeMs":283.96,"statusCode":304,"timestamp":"2026-07-20 10:51:16.109","url":"/api/rfqs?all=true"}
{"contentLength":0,"ip":"::1","level":"info","message":"Request completed","method":"GET","requestId":"24d34b2d-3acd-47b9-b8e1-8385ba6b2c1c","responseTimeMs":296.35,"statusCode":304,"timestamp":"2026-07-20 10:51:16.111","url":"/api/pos"}
{"contentLength":0,"ip":"::1","level":"info","message":"Request completed","method":"GET","requestId":"6993a205-9518-48e8-bafd-92612cedd95c","responseTimeMs":295.12,"statusCode":304,"timestamp":"2026-07-20 10:51:16.113","url":"/api/grns"}
{"ip":"::1","level":"info","message":"Incoming request","method":"GET","requestId":"02aba7ea-474c-4172-b394-546f017403be","timestamp":"2026-07-20 10:53:35.860","url":"/api/vendors/profile"}
{"contentLength":0,"ip":"::1","level":"info","message":"Request completed","method":"GET","requestId":"02aba7ea-474c-4172-b394-546f017403be","responseTimeMs":226.62,"statusCode":304,"timestamp":"2026-07-20 10:53:36.087","url":"/api/vendors/profile"}
{"ip":"::1","level":"info","message":"Incoming request","method":"GET","requestId":"b0949caa-7fe3-4a79-a618-04b6de0bf1f9","timestamp":"2026-07-20 10:53:36.114","url":"/api/pos"}
{"ip":"::1","level":"info","message":"Incoming request","method":"GET","requestId":"d18b30be-0a0f-4fcf-95da-490c14b407b5","timestamp":"2026-07-20 10:53:36.119","url":"/api/grns"}
{"ip":"::1","level":"info","message":"Incoming request","method":"GET","requestId":"5af60045-9797-47a0-a915-3db97754a301","timestamp":"2026-07-20 10:53:36.122","url":"/api/asns"}
{"ip":"::1","level":"info","message":"Incoming request","method":"GET","requestId":"88f73718-daf1-436d-8212-9b39eb1f3466","timestamp":"2026-07-20 10:53:36.126","url":"/api/invoices"}
{"ip":"::1","level":"info","message":"Incoming request","method":"GET","requestId":"807068bc-c14a-441e-ac03-4a4ec514fe15","timestamp":"2026-07-20 10:53:36.132","url":"/api/rfqs?all=true"}
{"contentLength":0,"ip":"::1","level":"info","message":"Request completed","method":"GET","requestId":"5af60045-9797-47a0-a915-3db97754a301","responseTimeMs":176.54,"statusCode":304,"timestamp":"2026-07-20 10:53:36.298","url":"/api/asns"}
{"contentLength":0,"ip":"::1","level":"info","message":"Request completed","method":"GET","requestId":"88f73718-daf1-436d-8212-9b39eb1f3466","responseTimeMs":218.13,"statusCode":304,"timestamp":"2026-07-20 10:53:36.344","url":"/api/invoices"}
{"contentLength":0,"ip":"::1","level":"info","message":"Request completed","method":"GET","requestId":"807068bc-c14a-441e-ac03-4a4ec514fe15","responseTimeMs":214.16,"statusCode":304,"timestamp":"2026-07-20 10:53:36.347","url":"/api/rfqs?all=true"}
{"contentLength":0,"ip":"::1","level":"info","message":"Request completed","method":"GET","requestId":"d18b30be-0a0f-4fcf-95da-490c14b407b5","responseTimeMs":230.67,"statusCode":304,"timestamp":"2026-07-20 10:53:36.349","url":"/api/grns"}
{"contentLength":0,"ip":"::1","level":"info","message":"Request completed","method":"GET","requestId":"b0949caa-7fe3-4a79-a618-04b6de0bf1f9","responseTimeMs":248.75,"statusCode":304,"timestamp":"2026-07-20 10:53:36.363","url":"/api/pos"}
{"ip":"::1","level":"info","message":"Incoming request","method":"GET","requestId":"731ae6ae-5f1e-43d4-93ed-802c4d80e5ca","timestamp":"2026-07-20 10:53:39.833","url":"/api/vendors/profile"}
{"contentLength":0,"ip":"::1","level":"info","message":"Request completed","method":"GET","requestId":"731ae6ae-5f1e-43d4-93ed-802c4d80e5ca","responseTimeMs":262.91,"statusCode":304,"timestamp":"2026-07-20 10:53:40.096","url":"/api/vendors/profile"}
{"ip":"::1","level":"info","message":"Incoming request","method":"GET","requestId":"946b7e57-202e-4c91-a236-d7e369166988","timestamp":"2026-07-20 10:53:40.101","url":"/api/pos"}
{"ip":"::1","level":"info","message":"Incoming request","method":"GET","requestId":"7dcc735a-b401-48ab-8fc9-a0849a5b6519","timestamp":"2026-07-20 10:53:40.103","url":"/api/grns"}
{"ip":"::1","level":"info","message":"Incoming request","method":"GET","requestId":"c4872e40-ddec-4907-af49-3781a749c868","timestamp":"2026-07-20 10:53:40.109","url":"/api/asns"}
{"ip":"::1","level":"info","message":"Incoming request","method":"GET","requestId":"f71245ce-e76e-4673-a324-274945b5fbc5","timestamp":"2026-07-20 10:53:40.111","url":"/api/invoices"}
{"ip":"::1","level":"info","message":"Incoming request","method":"GET","requestId":"50ef0285-c842-4b1d-905d-0c3c5368fe9f","timestamp":"2026-07-20 10:53:40.122","url":"/api/rfqs?all=true"}
{"contentLength":0,"ip":"::1","level":"info","message":"Request completed","method":"GET","requestId":"c4872e40-ddec-4907-af49-3781a749c868","responseTimeMs":278.54,"statusCode":304,"timestamp":"2026-07-20 10:53:40.387","url":"/api/asns"}
{"contentLength":0,"ip":"::1","level":"info","message":"Request completed","method":"GET","requestId":"50ef0285-c842-4b1d-905d-0c3c5368fe9f","responseTimeMs":372.93,"statusCode":304,"timestamp":"2026-07-20 10:53:40.495","url":"/api/rfqs?all=true"}
{"contentLength":0,"ip":"::1","level":"info","message":"Request completed","method":"GET","requestId":"f71245ce-e76e-4673-a324-274945b5fbc5","responseTimeMs":386.56,"statusCode":304,"timestamp":"2026-07-20 10:53:40.497","url":"/api/invoices"}
{"contentLength":0,"ip":"::1","level":"info","message":"Request completed","method":"GET","requestId":"7dcc735a-b401-48ab-8fc9-a0849a5b6519","responseTimeMs":395.75,"statusCode":304,"timestamp":"2026-07-20 10:53:40.499","url":"/api/grns"}
{"contentLength":0,"ip":"::1","level":"info","message":"Request completed","method":"GET","requestId":"946b7e57-202e-4c91-a236-d7e369166988","responseTimeMs":399.79,"statusCode":304,"timestamp":"2026-07-20 10:53:40.501","url":"/api/pos"}
{"ip":"::1","level":"info","message":"Incoming request","method":"GET","requestId":"351e4576-42b2-403d-ad3d-f3569acf1824","timestamp":"2026-07-20 10:54:49.033","url":"/api/vendors/profile"}
{"contentLength":0,"ip":"::1","level":"info","message":"Request completed","method":"GET","requestId":"351e4576-42b2-403d-ad3d-f3569acf1824","responseTimeMs":110.62,"statusCode":304,"timestamp":"2026-07-20 10:54:49.144","url":"/api/vendors/profile"}
{"ip":"::1","level":"info","message":"Incoming request","method":"GET","requestId":"b2df330a-332f-4ab4-827f-9b8fa684e570","timestamp":"2026-07-20 10:54:49.161","url":"/api/rfqs?all=true"}
{"ip":"::1","level":"info","message":"Incoming request","method":"GET","requestId":"cc6236f7-f7a1-4602-9db3-0d631756dd10","timestamp":"2026-07-20 10:54:49.165","url":"/api/invoices"}
{"ip":"::1","level":"info","message":"Incoming request","method":"GET","requestId":"b903b393-13e9-48a5-80dd-9d46dd81c3db","timestamp":"2026-07-20 10:54:49.167","url":"/api/pos"}
{"ip":"::1","level":"info","message":"Incoming request","method":"GET","requestId":"9103f325-00ab-493b-8438-b674b5749a02","timestamp":"2026-07-20 10:54:49.169","url":"/api/grns"}
{"ip":"::1","level":"info","message":"Incoming request","method":"GET","requestId":"bc384d1b-dff0-4a6e-97e8-1b25c681c742","timestamp":"2026-07-20 10:54:49.170","url":"/api/asns"}
{"contentLength":0,"ip":"::1","level":"info","message":"Request completed","method":"GET","requestId":"bc384d1b-dff0-4a6e-97e8-1b25c681c742","responseTimeMs":243.82,"statusCode":304,"timestamp":"2026-07-20 10:54:49.414","url":"/api/asns"}
{"contentLength":0,"ip":"::1","level":"info","message":"Request completed","method":"GET","requestId":"b903b393-13e9-48a5-80dd-9d46dd81c3db","responseTimeMs":284.71,"statusCode":304,"timestamp":"2026-07-20 10:54:49.452","url":"/api/pos"}
{"contentLength":0,"ip":"::1","level":"info","message":"Request completed","method":"GET","requestId":"9103f325-00ab-493b-8438-b674b5749a02","responseTimeMs":284.06,"statusCode":304,"timestamp":"2026-07-20 10:54:49.453","url":"/api/grns"}
{"contentLength":0,"ip":"::1","level":"info","message":"Request completed","method":"GET","requestId":"cc6236f7-f7a1-4602-9db3-0d631756dd10","responseTimeMs":289.41,"statusCode":304,"timestamp":"2026-07-20 10:54:49.454","url":"/api/invoices"}
{"contentLength":0,"ip":"::1","level":"info","message":"Request completed","method":"GET","requestId":"b2df330a-332f-4ab4-827f-9b8fa684e570","responseTimeMs":350.67,"statusCode":304,"timestamp":"2026-07-20 10:54:49.512","url":"/api/rfqs?all=true"}
{"ip":"::1","level":"info","message":"Incoming request","method":"GET","requestId":"21a76bf4-78de-4eb3-a82b-d81f9a128a5b","timestamp":"2026-07-20 10:55:09.783","url":"/api/vendors/profile"}
{"contentLength":0,"ip":"::1","level":"info","message":"Request completed","method":"GET","requestId":"21a76bf4-78de-4eb3-a82b-d81f9a128a5b","responseTimeMs":141.27,"statusCode":304,"timestamp":"2026-07-20 10:55:09.924","url":"/api/vendors/profile"}
{"ip":"::1","level":"info","message":"Incoming request","method":"GET","requestId":"01030074-8e44-4148-8302-ba73e2d6d9ea","timestamp":"2026-07-20 10:55:09.939","url":"/api/pos"}
{"ip":"::1","level":"info","message":"Incoming request","method":"GET","requestId":"3844f664-ef13-411c-b907-e18682f5d7e7","timestamp":"2026-07-20 10:55:09.942","url":"/api/grns"}
{"ip":"::1","level":"info","message":"Incoming request","method":"GET","requestId":"c6c61bc8-a21f-4d10-b9f6-72608fb9a2f5","timestamp":"2026-07-20 10:55:09.946","url":"/api/asns"}
{"ip":"::1","level":"info","message":"Incoming request","method":"GET","requestId":"4f16ea1e-87c2-4231-80c5-898b752b3570","timestamp":"2026-07-20 10:55:09.948","url":"/api/invoices"}
{"ip":"::1","level":"info","message":"Incoming request","method":"GET","requestId":"b9997fc6-82f3-4cad-9d40-e5d71413e5de","timestamp":"2026-07-20 10:55:09.951","url":"/api/rfqs?all=true"}
{"contentLength":0,"ip":"::1","level":"info","message":"Request completed","method":"GET","requestId":"c6c61bc8-a21f-4d10-b9f6-72608fb9a2f5","responseTimeMs":196.29,"statusCode":304,"timestamp":"2026-07-20 10:55:10.142","url":"/api/asns"}
{"contentLength":0,"ip":"::1","level":"info","message":"Request completed","method":"GET","requestId":"4f16ea1e-87c2-4231-80c5-898b752b3570","responseTimeMs":368.11,"statusCode":304,"timestamp":"2026-07-20 10:55:10.316","url":"/api/invoices"}
{"contentLength":0,"ip":"::1","level":"info","message":"Request completed","method":"GET","requestId":"b9997fc6-82f3-4cad-9d40-e5d71413e5de","responseTimeMs":366.63,"statusCode":304,"timestamp":"2026-07-20 10:55:10.318","url":"/api/rfqs?all=true"}
{"contentLength":0,"ip":"::1","level":"info","message":"Request completed","method":"GET","requestId":"3844f664-ef13-411c-b907-e18682f5d7e7","responseTimeMs":379.25,"statusCode":304,"timestamp":"2026-07-20 10:55:10.321","url":"/api/grns"}
{"contentLength":0,"ip":"::1","level":"info","message":"Request completed","method":"GET","requestId":"01030074-8e44-4148-8302-ba73e2d6d9ea","responseTimeMs":385.94,"statusCode":304,"timestamp":"2026-07-20 10:55:10.325","url":"/api/pos"}
{"ip":"::1","level":"info","message":"Incoming request","method":"GET","requestId":"9f21e118-7f6f-480a-a4ae-d3df01ce1b0a","timestamp":"2026-07-20 11:00:26.248","url":"/api/vendors/profile"}
{"contentLength":0,"ip":"::1","level":"info","message":"Request completed","method":"GET","requestId":"9f21e118-7f6f-480a-a4ae-d3df01ce1b0a","responseTimeMs":276.52,"statusCode":304,"timestamp":"2026-07-20 11:00:26.524","url":"/api/vendors/profile"}
{"ip":"::1","level":"info","message":"Incoming request","method":"GET","requestId":"2c474a13-ccfe-46ee-be7b-00d47513ce7a","timestamp":"2026-07-20 11:00:26.534","url":"/api/pos"}
{"ip":"::1","level":"info","message":"Incoming request","method":"GET","requestId":"cae168b0-7e9c-497b-8f27-5e7f6c1b9b1d","timestamp":"2026-07-20 11:00:26.539","url":"/api/grns"}
{"ip":"::1","level":"info","message":"Incoming request","method":"GET","requestId":"b46e51c5-bfba-44ee-af46-c2ffe43260a8","timestamp":"2026-07-20 11:00:26.541","url":"/api/asns"}
{"ip":"::1","level":"info","message":"Incoming request","method":"GET","requestId":"f9d3402a-44da-4eb8-ac87-fbd6c7511a36","timestamp":"2026-07-20 11:00:26.543","url":"/api/invoices"}
{"ip":"::1","level":"info","message":"Incoming request","method":"GET","requestId":"22d83a6e-1002-46f0-956f-b60ffa996a6f","timestamp":"2026-07-20 11:00:26.549","url":"/api/rfqs?all=true"}
{"contentLength":0,"ip":"::1","level":"info","message":"Request completed","method":"GET","requestId":"b46e51c5-bfba-44ee-af46-c2ffe43260a8","responseTimeMs":392.79,"statusCode":304,"timestamp":"2026-07-20 11:00:26.934","url":"/api/asns"}
{"contentLength":0,"ip":"::1","level":"info","message":"Request completed","method":"GET","requestId":"22d83a6e-1002-46f0-956f-b60ffa996a6f","responseTimeMs":494.42,"statusCode":304,"timestamp":"2026-07-20 11:00:27.044","url":"/api/rfqs?all=true"}
{"contentLength":0,"ip":"::1","level":"info","message":"Request completed","method":"GET","requestId":"f9d3402a-44da-4eb8-ac87-fbd6c7511a36","responseTimeMs":501.75,"statusCode":304,"timestamp":"2026-07-20 11:00:27.045","url":"/api/invoices"}
{"contentLength":0,"ip":"::1","level":"info","message":"Request completed","method":"GET","requestId":"cae168b0-7e9c-497b-8f27-5e7f6c1b9b1d","responseTimeMs":507.23,"statusCode":304,"timestamp":"2026-07-20 11:00:27.046","url":"/api/grns"}
{"contentLength":0,"ip":"::1","level":"info","message":"Request completed","method":"GET","requestId":"2c474a13-ccfe-46ee-be7b-00d47513ce7a","responseTimeMs":513.66,"statusCode":304,"timestamp":"2026-07-20 11:00:27.048","url":"/api/pos"}
{"ip":"::1","level":"info","message":"Incoming request","method":"GET","requestId":"f978e68a-4eba-4e04-bb94-f9153f06a9dd","timestamp":"2026-07-20 11:06:39.573","url":"/api/vendors/profile"}
{"contentLength":0,"ip":"::1","level":"info","message":"Request completed","method":"GET","requestId":"f978e68a-4eba-4e04-bb94-f9153f06a9dd","responseTimeMs":116.83,"statusCode":304,"timestamp":"2026-07-20 11:06:39.690","url":"/api/vendors/profile"}
{"ip":"::1","level":"info","message":"Incoming request","method":"GET","requestId":"f21461c5-ee0f-4a99-b400-2ef44c1b2431","timestamp":"2026-07-20 11:06:39.712","url":"/api/pos"}
{"ip":"::1","level":"info","message":"Incoming request","method":"GET","requestId":"d8c9b541-62df-41d4-8227-91f29dd360ca","timestamp":"2026-07-20 11:06:39.718","url":"/api/rfqs?all=true"}
{"ip":"::1","level":"info","message":"Incoming request","method":"GET","requestId":"91845af4-6780-4767-b72e-d6a6d8fef4bf","timestamp":"2026-07-20 11:06:39.721","url":"/api/grns"}
{"ip":"::1","level":"info","message":"Incoming request","method":"GET","requestId":"2f5f5668-fca8-4a95-944f-727a590937a2","timestamp":"2026-07-20 11:06:39.728","url":"/api/asns"}
{"ip":"::1","level":"info","message":"Incoming request","method":"GET","requestId":"eee849ab-1688-453c-98b5-e2dc00f2f2a1","timestamp":"2026-07-20 11:06:39.729","url":"/api/invoices"}
{"contentLength":0,"ip":"::1","level":"info","message":"Request completed","method":"GET","requestId":"2f5f5668-fca8-4a95-944f-727a590937a2","responseTimeMs":129.74,"statusCode":304,"timestamp":"2026-07-20 11:06:39.857","url":"/api/asns"}
{"contentLength":0,"ip":"::1","level":"info","message":"Request completed","method":"GET","requestId":"91845af4-6780-4767-b72e-d6a6d8fef4bf","responseTimeMs":185.66,"statusCode":304,"timestamp":"2026-07-20 11:06:39.907","url":"/api/grns"}
{"contentLength":0,"ip":"::1","level":"info","message":"Request completed","method":"GET","requestId":"eee849ab-1688-453c-98b5-e2dc00f2f2a1","responseTimeMs":178.89,"statusCode":304,"timestamp":"2026-07-20 11:06:39.908","url":"/api/invoices"}
{"contentLength":0,"ip":"::1","level":"info","message":"Request completed","method":"GET","requestId":"d8c9b541-62df-41d4-8227-91f29dd360ca","responseTimeMs":191.18,"statusCode":304,"timestamp":"2026-07-20 11:06:39.909","url":"/api/rfqs?all=true"}
{"contentLength":0,"ip":"::1","level":"info","message":"Request completed","method":"GET","requestId":"f21461c5-ee0f-4a99-b400-2ef44c1b2431","responseTimeMs":201.74,"statusCode":304,"timestamp":"2026-07-20 11:06:39.913","url":"/api/pos"}
{"ip":"::1","level":"info","message":"Incoming request","method":"GET","requestId":"41020d5b-7d80-4b56-a14c-0cd1405a42f9","timestamp":"2026-07-20 11:06:49.660","url":"/api/vendors/profile"}
{"contentLength":0,"ip":"::1","level":"info","message":"Request completed","method":"GET","requestId":"41020d5b-7d80-4b56-a14c-0cd1405a42f9","responseTimeMs":123.15,"statusCode":304,"timestamp":"2026-07-20 11:06:49.784","url":"/api/vendors/profile"}
{"ip":"::1","level":"info","message":"Incoming request","method":"GET","requestId":"81b72131-3df6-438f-9415-cd08c7d0d68e","timestamp":"2026-07-20 11:06:49.806","url":"/api/pos"}
{"ip":"::1","level":"info","message":"Incoming request","method":"GET","requestId":"13dddc94-681f-4990-87fc-056c6a67ac79","timestamp":"2026-07-20 11:06:49.821","url":"/api/grns"}
{"ip":"::1","level":"info","message":"Incoming request","method":"GET","requestId":"99db4f2a-bd9e-4588-92b8-a409eeab8b5a","timestamp":"2026-07-20 11:06:49.824","url":"/api/asns"}
{"ip":"::1","level":"info","message":"Incoming request","method":"GET","requestId":"5465265a-b774-4532-b8c7-fd00c3d2b449","timestamp":"2026-07-20 11:06:49.827","url":"/api/invoices"}
{"ip":"::1","level":"info","message":"Incoming request","method":"GET","requestId":"3f210f52-6782-42be-903b-3f688ec4ab8f","timestamp":"2026-07-20 11:06:49.830","url":"/api/rfqs?all=true"}
{"contentLength":0,"ip":"::1","level":"info","message":"Request completed","method":"GET","requestId":"99db4f2a-bd9e-4588-92b8-a409eeab8b5a","responseTimeMs":179.39,"statusCode":304,"timestamp":"2026-07-20 11:06:50.003","url":"/api/asns"}
{"contentLength":0,"ip":"::1","level":"info","message":"Request completed","method":"GET","requestId":"81b72131-3df6-438f-9415-cd08c7d0d68e","responseTimeMs":215.55,"statusCode":304,"timestamp":"2026-07-20 11:06:50.022","url":"/api/pos"}
{"contentLength":0,"ip":"::1","level":"info","message":"Request completed","method":"GET","requestId":"3f210f52-6782-42be-903b-3f688ec4ab8f","responseTimeMs":250.32,"statusCode":304,"timestamp":"2026-07-20 11:06:50.081","url":"/api/rfqs?all=true"}
{"contentLength":0,"ip":"::1","level":"info","message":"Request completed","method":"GET","requestId":"5465265a-b774-4532-b8c7-fd00c3d2b449","responseTimeMs":256.19,"statusCode":304,"timestamp":"2026-07-20 11:06:50.083","url":"/api/invoices"}
{"contentLength":0,"ip":"::1","level":"info","message":"Request completed","method":"GET","requestId":"13dddc94-681f-4990-87fc-056c6a67ac79","responseTimeMs":262.78,"statusCode":304,"timestamp":"2026-07-20 11:06:50.084","url":"/api/grns"}
{"ip":"::1","level":"info","message":"Incoming request","method":"GET","requestId":"025d03b4-c845-49f5-a2e0-6d1e053326ae","timestamp":"2026-07-20 11:13:18.227","url":"/api/vendors/profile"}
{"contentLength":0,"ip":"::1","level":"info","message":"Request completed","method":"GET","requestId":"025d03b4-c845-49f5-a2e0-6d1e053326ae","responseTimeMs":113.41,"statusCode":304,"timestamp":"2026-07-20 11:13:18.341","url":"/api/vendors/profile"}
{"ip":"::1","level":"info","message":"Incoming request","method":"GET","requestId":"374e715e-9c4c-429a-b63d-a63f50dbe600","timestamp":"2026-07-20 11:13:18.354","url":"/api/pos"}
{"ip":"::1","level":"info","message":"Incoming request","method":"GET","requestId":"fdb55fe5-14f9-405b-85ad-942388c61f87","timestamp":"2026-07-20 11:13:18.357","url":"/api/asns"}
{"ip":"::1","level":"info","message":"Incoming request","method":"GET","requestId":"65854b74-9649-444d-9ff7-6ebb2a62c703","timestamp":"2026-07-20 11:13:18.360","url":"/api/grns"}
{"ip":"::1","level":"info","message":"Incoming request","method":"GET","requestId":"a5ffdece-5851-4623-b79a-f5213f1f3e64","timestamp":"2026-07-20 11:13:18.362","url":"/api/invoices"}
{"ip":"::1","level":"info","message":"Incoming request","method":"GET","requestId":"ea01e060-6ce7-4244-9610-d0afd7ef0170","timestamp":"2026-07-20 11:13:18.368","url":"/api/rfqs?all=true"}
{"contentLength":0,"ip":"::1","level":"info","message":"Request completed","method":"GET","requestId":"fdb55fe5-14f9-405b-85ad-942388c61f87","responseTimeMs":193.79,"statusCode":304,"timestamp":"2026-07-20 11:13:18.551","url":"/api/asns"}
{"contentLength":0,"ip":"::1","level":"info","message":"Request completed","method":"GET","requestId":"374e715e-9c4c-429a-b63d-a63f50dbe600","responseTimeMs":250.93,"statusCode":304,"timestamp":"2026-07-20 11:13:18.605","url":"/api/pos"}
{"contentLength":0,"ip":"::1","level":"info","message":"Request completed","method":"GET","requestId":"65854b74-9649-444d-9ff7-6ebb2a62c703","responseTimeMs":246.88,"statusCode":304,"timestamp":"2026-07-20 11:13:18.607","url":"/api/grns"}
{"contentLength":0,"ip":"::1","level":"info","message":"Request completed","method":"GET","requestId":"a5ffdece-5851-4623-b79a-f5213f1f3e64","responseTimeMs":345.61,"statusCode":304,"timestamp":"2026-07-20 11:13:18.708","url":"/api/invoices"}
{"contentLength":0,"ip":"::1","level":"info","message":"Request completed","method":"GET","requestId":"ea01e060-6ce7-4244-9610-d0afd7ef0170","responseTimeMs":341.28,"statusCode":304,"timestamp":"2026-07-20 11:13:18.710","url":"/api/rfqs?all=true"}
{"ip":"::1","level":"info","message":"Incoming request","method":"GET","requestId":"d434849e-2dbd-40fe-9f2f-cee8387f485f","timestamp":"2026-07-20 11:29:38.855","url":"/api/vendors/profile"}
{"contentLength":0,"ip":"::1","level":"info","message":"Request completed","method":"GET","requestId":"d434849e-2dbd-40fe-9f2f-cee8387f485f","responseTimeMs":451.12,"statusCode":304,"timestamp":"2026-07-20 11:29:39.307","url":"/api/vendors/profile"}
{"ip":"::1","level":"info","message":"Incoming request","method":"GET","requestId":"eda46dbe-d34d-4e32-b3ab-b7daba177b59","timestamp":"2026-07-20 11:29:39.322","url":"/api/pos"}
{"ip":"::1","level":"info","message":"Incoming request","method":"GET","requestId":"6bffd959-53cd-4daa-b965-3e229d417a8e","timestamp":"2026-07-20 11:29:39.326","url":"/api/grns"}
{"ip":"::1","level":"info","message":"Incoming request","method":"GET","requestId":"7b5d2e59-6fec-4fc7-96ec-819ca6f64d27","timestamp":"2026-07-20 11:29:39.329","url":"/api/asns"}
{"ip":"::1","level":"info","message":"Incoming request","method":"GET","requestId":"c31ff3eb-012c-4f19-a81e-5a2b33a7b39b","timestamp":"2026-07-20 11:29:39.333","url":"/api/invoices"}
{"ip":"::1","level":"info","message":"Incoming request","method":"GET","requestId":"a39fdcd6-7380-47cb-b394-e34ff7c32b42","timestamp":"2026-07-20 11:29:39.338","url":"/api/rfqs?all=true"}
{"contentLength":0,"ip":"::1","level":"info","message":"Request completed","method":"GET","requestId":"7b5d2e59-6fec-4fc7-96ec-819ca6f64d27","responseTimeMs":315.62,"statusCode":304,"timestamp":"2026-07-20 11:29:39.645","url":"/api/asns"}
{"contentLength":0,"ip":"::1","level":"info","message":"Request completed","method":"GET","requestId":"eda46dbe-d34d-4e32-b3ab-b7daba177b59","responseTimeMs":408.33,"statusCode":304,"timestamp":"2026-07-20 11:29:39.731","url":"/api/pos"}
{"contentLength":0,"ip":"::1","level":"info","message":"Request completed","method":"GET","requestId":"a39fdcd6-7380-47cb-b394-e34ff7c32b42","responseTimeMs":399.06,"statusCode":304,"timestamp":"2026-07-20 11:29:39.737","url":"/api/rfqs?all=true"}
{"contentLength":0,"ip":"::1","level":"info","message":"Request completed","method":"GET","requestId":"c31ff3eb-012c-4f19-a81e-5a2b33a7b39b","responseTimeMs":407.89,"statusCode":304,"timestamp":"2026-07-20 11:29:39.741","url":"/api/invoices"}
{"contentLength":0,"ip":"::1","level":"info","message":"Request completed","method":"GET","requestId":"6bffd959-53cd-4daa-b965-3e229d417a8e","responseTimeMs":417.06,"statusCode":304,"timestamp":"2026-07-20 11:29:39.744","url":"/api/grns"}
{"ip":"::1","level":"info","message":"Incoming request","method":"GET","requestId":"87749aa7-ffe7-4c73-8744-4e9ae07cc5a3","timestamp":"2026-07-20 11:29:46.074","url":"/api/vendors/profile"}
{"contentLength":0,"ip":"::1","level":"info","message":"Request completed","method":"GET","requestId":"87749aa7-ffe7-4c73-8744-4e9ae07cc5a3","responseTimeMs":437.6,"statusCode":304,"timestamp":"2026-07-20 11:29:46.512","url":"/api/vendors/profile"}
{"ip":"::1","level":"info","message":"Incoming request","method":"GET","requestId":"9b1f59a5-a10e-4465-bb09-8a6e69b422e2","timestamp":"2026-07-20 11:29:46.538","url":"/api/pos"}
{"ip":"::1","level":"info","message":"Incoming request","method":"GET","requestId":"f1ad9aa4-1a6d-4726-8092-21814be30958","timestamp":"2026-07-20 11:29:46.542","url":"/api/grns"}
{"ip":"::1","level":"info","message":"Incoming request","method":"GET","requestId":"639ec9a8-5b3d-4ef3-bdb5-1999525787ff","timestamp":"2026-07-20 11:29:46.545","url":"/api/asns"}
{"ip":"::1","level":"info","message":"Incoming request","method":"GET","requestId":"3b46da0a-23d2-431c-82c2-9dc2ad6ee3bb","timestamp":"2026-07-20 11:29:46.548","url":"/api/invoices"}
{"ip":"::1","level":"info","message":"Incoming request","method":"GET","requestId":"fd9999a1-6b5b-432b-a746-6f16975f4747","timestamp":"2026-07-20 11:29:46.554","url":"/api/rfqs?all=true"}
{"contentLength":0,"ip":"::1","level":"info","message":"Request completed","method":"GET","requestId":"639ec9a8-5b3d-4ef3-bdb5-1999525787ff","responseTimeMs":239.09,"statusCode":304,"timestamp":"2026-07-20 11:29:46.784","url":"/api/asns"}
{"contentLength":0,"ip":"::1","level":"info","message":"Request completed","method":"GET","requestId":"fd9999a1-6b5b-432b-a746-6f16975f4747","responseTimeMs":539.63,"statusCode":304,"timestamp":"2026-07-20 11:29:47.094","url":"/api/rfqs?all=true"}
{"contentLength":0,"ip":"::1","level":"info","message":"Request completed","method":"GET","requestId":"3b46da0a-23d2-431c-82c2-9dc2ad6ee3bb","responseTimeMs":556.66,"statusCode":304,"timestamp":"2026-07-20 11:29:47.105","url":"/api/invoices"}
{"contentLength":0,"ip":"::1","level":"info","message":"Request completed","method":"GET","requestId":"f1ad9aa4-1a6d-4726-8092-21814be30958","responseTimeMs":567.31,"statusCode":304,"timestamp":"2026-07-20 11:29:47.110","url":"/api/grns"}
{"contentLength":0,"ip":"::1","level":"info","message":"Request completed","method":"GET","requestId":"9b1f59a5-a10e-4465-bb09-8a6e69b422e2","responseTimeMs":576.28,"statusCode":304,"timestamp":"2026-07-20 11:29:47.114","url":"/api/pos"}
{"ip":"::1","level":"info","message":"Incoming request","method":"GET","requestId":"a3804fee-3e6b-4d3d-9886-b531dd3a3ae2","timestamp":"2026-07-20 11:30:26.005","url":"/api/vendors/profile"}
{"ip":"::1","level":"info","message":"Incoming request","method":"GET","requestId":"b68077e1-e6ee-4b86-9016-96084590ccc1","timestamp":"2026-07-20 11:30:49.722","url":"/api/vendors/profile"}
{"ip":"::1","level":"info","message":"Incoming request","method":"GET","requestId":"ed7f39ef-89b8-41ad-8abc-839ecdbda4d8","timestamp":"2026-07-20 11:30:52.650","url":"/api/vendors/profile"}
{"level":"warn","message":"Operational warning: Not authorized, invalid token Not authorized, invalid token","method":"GET","requestId":"a3804fee-3e6b-4d3d-9886-b531dd3a3ae2","statusCode":401,"timestamp":"2026-07-20 11:31:21.500","url":"/api/vendors/profile"}
{"contentLength":533,"ip":"::1","level":"warn","message":"Request warning 401","method":"GET","requestId":"a3804fee-3e6b-4d3d-9886-b531dd3a3ae2","responseTimeMs":55501.09,"statusCode":401,"timestamp":"2026-07-20 11:31:21.512","url":"/api/vendors/profile"}
{"level":"warn","message":"Operational warning: Not authorized, invalid token Not authorized, invalid token","method":"GET","requestId":"b68077e1-e6ee-4b86-9016-96084590ccc1","statusCode":401,"timestamp":"2026-07-20 11:31:21.518","url":"/api/vendors/profile"}
{"contentLength":361,"ip":"::1","level":"warn","message":"Request warning 401","method":"GET","requestId":"b68077e1-e6ee-4b86-9016-96084590ccc1","responseTimeMs":31797.32,"statusCode":401,"timestamp":"2026-07-20 11:31:21.524","url":"/api/vendors/profile"}
{"ip":"::1","level":"info","message":"Incoming request","method":"GET","requestId":"c7eb0af7-3f90-46c5-b299-15b11d88f2e5","timestamp":"2026-07-20 11:31:21.527","url":"/api/vendors/profile"}
{"level":"warn","message":"Operational warning: Not authorized, invalid token Not authorized, invalid token","method":"GET","requestId":"ed7f39ef-89b8-41ad-8abc-839ecdbda4d8","statusCode":401,"timestamp":"2026-07-20 11:31:22.657","url":"/api/vendors/profile"}
{"contentLength":361,"ip":"::1","level":"warn","message":"Request warning 401","method":"GET","requestId":"ed7f39ef-89b8-41ad-8abc-839ecdbda4d8","responseTimeMs":30004.35,"statusCode":401,"timestamp":"2026-07-20 11:31:22.659","url":"/api/vendors/profile"}
{"ip":"::1","level":"info","message":"Incoming request","method":"GET","requestId":"d542ae50-f3bf-4fd7-9918-0d8f1c6cee45","timestamp":"2026-07-20 11:31:23.803","url":"/api/pos"}
{"level":"warn","message":"Operational warning: Not authorized to access this route, token missing Not authorized to access this route, token missing","method":"GET","requestId":"d542ae50-f3bf-4fd7-9918-0d8f1c6cee45","statusCode":401,"timestamp":"2026-07-20 11:31:23.806","url":"/api/pos"}
{"ip":"::1","level":"info","message":"Incoming request","method":"GET","requestId":"8fab09f0-6819-4902-86b3-167108e8db89","timestamp":"2026-07-20 11:31:23.819","url":"/api/grns"}
{"level":"warn","message":"Operational warning: Not authorized to access this route, token missing Not authorized to access this route, token missing","method":"GET","requestId":"8fab09f0-6819-4902-86b3-167108e8db89","statusCode":401,"timestamp":"2026-07-20 11:31:23.820","url":"/api/grns"}
{"level":"info","message":"🔌 Client connected to Socket.io: ATFVwZuHj1vmbgEiAAAj (vendorId: mock_vendor_id)","timestamp":"2026-07-20 11:31:23.845"}
{"level":"info","message":"🏢 Socket ATFVwZuHj1vmbgEiAAAj joined vendor room: mock_vendor_id","timestamp":"2026-07-20 11:31:23.846"}
{"contentLength":0,"ip":"::1","level":"warn","message":"Request warning 401","method":"GET","requestId":"d542ae50-f3bf-4fd7-9918-0d8f1c6cee45","responseTimeMs":44.37,"statusCode":401,"timestamp":"2026-07-20 11:31:23.847","url":"/api/pos"}
{"contentLength":0,"ip":"::1","level":"warn","message":"Request warning 401","method":"GET","requestId":"8fab09f0-6819-4902-86b3-167108e8db89","responseTimeMs":29.59,"statusCode":401,"timestamp":"2026-07-20 11:31:23.848","url":"/api/grns"}
{"ip":"::1","level":"info","message":"Incoming request","method":"GET","requestId":"2de6bab4-b68f-4936-9c70-206292767a42","timestamp":"2026-07-20 11:31:23.849","url":"/api/asns"}
{"level":"warn","message":"Operational warning: Not authorized to access this route, token missing Not authorized to access this route, token missing","method":"GET","requestId":"2de6bab4-b68f-4936-9c70-206292767a42","statusCode":401,"timestamp":"2026-07-20 11:31:23.850","url":"/api/asns"}
{"ip":"::1","level":"info","message":"Incoming request","method":"GET","requestId":"448e4c56-5829-4f14-a736-8a85cb29243d","timestamp":"2026-07-20 11:31:23.859","url":"/api/invoices"}
{"level":"warn","message":"Operational warning: Not authorized to access this route, token missing Not authorized to access this route, token missing","method":"GET","requestId":"448e4c56-5829-4f14-a736-8a85cb29243d","statusCode":401,"timestamp":"2026-07-20 11:31:23.859","url":"/api/invoices"}
{"ip":"::1","level":"info","message":"Incoming request","method":"GET","requestId":"4e49d7e3-0b51-412f-97bd-090b81c775cc","timestamp":"2026-07-20 11:31:23.861","url":"/api/payments"}
{"level":"warn","message":"Operational warning: Not authorized to access this route, token missing Not authorized to access this route, token missing","method":"GET","requestId":"4e49d7e3-0b51-412f-97bd-090b81c775cc","statusCode":401,"timestamp":"2026-07-20 11:31:23.863","url":"/api/payments"}
{"ip":"::1","level":"info","message":"Incoming request","method":"GET","requestId":"a9d4dbd4-f0a6-47f3-af99-9b05fbeaa188","timestamp":"2026-07-20 11:31:23.865","url":"/api/rfqs?all=true"}
{"level":"warn","message":"Operational warning: Not authorized to access this route, token missing Not authorized to access this route, token missing","method":"GET","requestId":"a9d4dbd4-f0a6-47f3-af99-9b05fbeaa188","statusCode":401,"timestamp":"2026-07-20 11:31:23.866","url":"/api/rfqs?all=true"}
{"ip":"::1","level":"info","message":"Incoming request","method":"GET","requestId":"bf4fc526-f27d-405b-b212-49b5e9166b09","timestamp":"2026-07-20 11:31:23.867","url":"/api/chats"}
{"level":"warn","message":"Operational warning: Not authorized to access this route, token missing Not authorized to access this route, token missing","method":"GET","requestId":"bf4fc526-f27d-405b-b212-49b5e9166b09","statusCode":401,"timestamp":"2026-07-20 11:31:23.868","url":"/api/chats"}
{"contentLength":0,"ip":"::1","level":"warn","message":"Request warning 401","method":"GET","requestId":"448e4c56-5829-4f14-a736-8a85cb29243d","responseTimeMs":12.3,"statusCode":401,"timestamp":"2026-07-20 11:31:23.871","url":"/api/invoices"}
{"contentLength":0,"ip":"::1","level":"warn","message":"Request warning 401","method":"GET","requestId":"2de6bab4-b68f-4936-9c70-206292767a42","responseTimeMs":24.09,"statusCode":401,"timestamp":"2026-07-20 11:31:23.874","url":"/api/asns"}
{"contentLength":0,"ip":"::1","level":"warn","message":"Request warning 401","method":"GET","requestId":"a9d4dbd4-f0a6-47f3-af99-9b05fbeaa188","responseTimeMs":9.6,"statusCode":401,"timestamp":"2026-07-20 11:31:23.875","url":"/api/rfqs?all=true"}
{"contentLength":0,"ip":"::1","level":"warn","message":"Request warning 401","method":"GET","requestId":"bf4fc526-f27d-405b-b212-49b5e9166b09","responseTimeMs":8.3,"statusCode":401,"timestamp":"2026-07-20 11:31:23.875","url":"/api/chats"}
{"contentLength":0,"ip":"::1","level":"warn","message":"Request warning 401","method":"GET","requestId":"4e49d7e3-0b51-412f-97bd-090b81c775cc","responseTimeMs":16.08,"statusCode":401,"timestamp":"2026-07-20 11:31:23.877","url":"/api/payments"}
{"level":"info","message":"🔌 Client disconnected from Socket.io: CPbCfop7Y22lPbFYAAAh","timestamp":"2026-07-20 11:31:24.417"}
{"level":"warn","message":"Operational warning: Not authorized, invalid token Not authorized, invalid token","method":"GET","requestId":"c7eb0af7-3f90-46c5-b299-15b11d88f2e5","statusCode":401,"timestamp":"2026-07-20 11:31:51.533","url":"/api/vendors/profile"}
{"level":"info","message":"🔌 Client disconnected from Socket.io: ATFVwZuHj1vmbgEiAAAj","timestamp":"2026-07-20 11:33:22.581"}
{"ip":"::1","level":"info","message":"Incoming request","method":"GET","requestId":"4756d395-a82c-4dc5-9917-b08e73e0d232","timestamp":"2026-07-20 11:33:22.796","url":"/api/pos"}
{"level":"warn","message":"Operational warning: Not authorized to access this route, token missing Not authorized to access this route, token missing","method":"GET","requestId":"4756d395-a82c-4dc5-9917-b08e73e0d232","statusCode":401,"timestamp":"2026-07-20 11:33:22.799","url":"/api/pos"}
{"ip":"::1","level":"info","message":"Incoming request","method":"GET","requestId":"b3bbb30a-b8eb-4605-9882-f9741bf4ba05","timestamp":"2026-07-20 11:33:22.805","url":"/api/grns"}
{"level":"warn","message":"Operational warning: Not authorized to access this route, token missing Not authorized to access this route, token missing","method":"GET","requestId":"b3bbb30a-b8eb-4605-9882-f9741bf4ba05","statusCode":401,"timestamp":"2026-07-20 11:33:22.813","url":"/api/grns"}
{"ip":"::1","level":"info","message":"Incoming request","method":"GET","requestId":"bd2fc9c3-6829-4606-9b4d-e737e9c155f7","timestamp":"2026-07-20 11:33:22.839","url":"/api/asns"}
{"level":"warn","message":"Operational warning: Not authorized to access this route, token missing Not authorized to access this route, token missing","method":"GET","requestId":"bd2fc9c3-6829-4606-9b4d-e737e9c155f7","statusCode":401,"timestamp":"2026-07-20 11:33:22.840","url":"/api/asns"}
{"ip":"::1","level":"info","message":"Incoming request","method":"GET","requestId":"663cf148-8169-40dd-a145-3e87a7834d44","timestamp":"2026-07-20 11:33:22.841","url":"/api/rfqs?all=true"}
{"level":"warn","message":"Operational warning: Not authorized to access this route, token missing Not authorized to access this route, token missing","method":"GET","requestId":"663cf148-8169-40dd-a145-3e87a7834d44","statusCode":401,"timestamp":"2026-07-20 11:33:22.842","url":"/api/rfqs?all=true"}
{"ip":"::1","level":"info","message":"Incoming request","method":"GET","requestId":"6a23f84f-532b-454c-98e2-47785383b6e7","timestamp":"2026-07-20 11:33:22.843","url":"/api/payments"}
{"level":"warn","message":"Operational warning: Not authorized to access this route, token missing Not authorized to access this route, token missing","method":"GET","requestId":"6a23f84f-532b-454c-98e2-47785383b6e7","statusCode":401,"timestamp":"2026-07-20 11:33:22.843","url":"/api/payments"}
{"level":"info","message":"🔌 Client connected to Socket.io: xgIU6IpSwNVmq9hIAAAl (vendorId: mock_vendor_id)","timestamp":"2026-07-20 11:33:22.844"}
{"level":"info","message":"🏢 Socket xgIU6IpSwNVmq9hIAAAl joined vendor room: mock_vendor_id","timestamp":"2026-07-20 11:33:22.849"}
{"ip":"::1","level":"info","message":"Incoming request","method":"GET","requestId":"cb76850a-41a2-4c4b-9790-225a98a4aeff","timestamp":"2026-07-20 11:33:22.851","url":"/api/invoices"}
{"level":"warn","message":"Operational warning: Not authorized to access this route, token missing Not authorized to access this route, token missing","method":"GET","requestId":"cb76850a-41a2-4c4b-9790-225a98a4aeff","statusCode":401,"timestamp":"2026-07-20 11:33:22.852","url":"/api/invoices"}
{"contentLength":0,"ip":"::1","level":"warn","message":"Request warning 401","method":"GET","requestId":"4756d395-a82c-4dc5-9917-b08e73e0d232","responseTimeMs":59.78,"statusCode":401,"timestamp":"2026-07-20 11:33:22.855","url":"/api/pos"}
{"contentLength":0,"ip":"::1","level":"warn","message":"Request warning 401","method":"GET","requestId":"663cf148-8169-40dd-a145-3e87a7834d44","responseTimeMs":15.15,"statusCode":401,"timestamp":"2026-07-20 11:33:22.856","url":"/api/rfqs?all=true"}
{"contentLength":0,"ip":"::1","level":"warn","message":"Request warning 401","method":"GET","requestId":"bd2fc9c3-6829-4606-9b4d-e737e9c155f7","responseTimeMs":18.63,"statusCode":401,"timestamp":"2026-07-20 11:33:22.858","url":"/api/asns"}
{"contentLength":0,"ip":"::1","level":"warn","message":"Request warning 401","method":"GET","requestId":"b3bbb30a-b8eb-4605-9882-f9741bf4ba05","responseTimeMs":54.7,"statusCode":401,"timestamp":"2026-07-20 11:33:22.859","url":"/api/grns"}
{"contentLength":0,"ip":"::1","level":"warn","message":"Request warning 401","method":"GET","requestId":"6a23f84f-532b-454c-98e2-47785383b6e7","responseTimeMs":17.58,"statusCode":401,"timestamp":"2026-07-20 11:33:22.860","url":"/api/payments"}
{"ip":"::1","level":"info","message":"Incoming request","method":"GET","requestId":"6308f855-8dc3-4714-95d9-66c15c8d7ddb","timestamp":"2026-07-20 11:33:22.866","url":"/api/chats"}
{"level":"warn","message":"Operational warning: Not authorized to access this route, token missing Not authorized to access this route, token missing","method":"GET","requestId":"6308f855-8dc3-4714-95d9-66c15c8d7ddb","statusCode":401,"timestamp":"2026-07-20 11:33:22.867","url":"/api/chats"}
{"contentLength":0,"ip":"::1","level":"warn","message":"Request warning 401","method":"GET","requestId":"cb76850a-41a2-4c4b-9790-225a98a4aeff","responseTimeMs":17.65,"statusCode":401,"timestamp":"2026-07-20 11:33:22.869","url":"/api/invoices"}
{"contentLength":0,"ip":"::1","level":"warn","message":"Request warning 401","method":"GET","requestId":"6308f855-8dc3-4714-95d9-66c15c8d7ddb","responseTimeMs":4.05,"statusCode":401,"timestamp":"2026-07-20 11:33:22.870","url":"/api/chats"}
{"ip":"::1","level":"info","message":"Incoming request","method":"POST","requestId":"f767d12f-6157-417e-b064-3525af6ce487","timestamp":"2026-07-20 11:33:57.069","url":"/api/auth/login"}
{"level":"warn","message":"Operational warning: Invalid credentials Invalid credentials","method":"POST","requestId":"f767d12f-6157-417e-b064-3525af6ce487","statusCode":401,"timestamp":"2026-07-20 11:33:58.216","url":"/api/auth/login"}
{"body":{"password":"[REDACTED]","vendorIdOrEmail":"msingh@sagetl.com"},"contentLength":354,"ip":"::1","level":"warn","message":"Request warning 401","method":"POST","requestId":"f767d12f-6157-417e-b064-3525af6ce487","responseTimeMs":1147.69,"statusCode":401,"timestamp":"2026-07-20 11:33:58.217","url":"/api/auth/login"}
{"ip":"::1","level":"info","message":"Incoming request","method":"POST","requestId":"8cc7a0d4-b72c-414b-aa98-f6f1764f8721","timestamp":"2026-07-20 11:34:05.387","url":"/api/auth/login"}
{"level":"warn","message":"Operational warning: Invalid credentials Invalid credentials","method":"POST","requestId":"8cc7a0d4-b72c-414b-aa98-f6f1764f8721","statusCode":401,"timestamp":"2026-07-20 11:34:05.585","url":"/api/auth/login"}
{"body":{"password":"[REDACTED]","vendorIdOrEmail":"msingh@sagetl.com"},"contentLength":354,"ip":"::1","level":"warn","message":"Request warning 401","method":"POST","requestId":"8cc7a0d4-b72c-414b-aa98-f6f1764f8721","responseTimeMs":197.99,"statusCode":401,"timestamp":"2026-07-20 11:34:05.585","url":"/api/auth/login"}
{"ip":"::1","level":"info","message":"Incoming request","method":"POST","requestId":"cfb1935e-768d-4c6f-9513-e50e6e4e92d1","timestamp":"2026-07-20 11:39:49.103","url":"/api/auth/register"}
{"contentLength":878,"ip":"::1","level":"info","message":"Request completed","method":"POST","requestId":"cfb1935e-768d-4c6f-9513-e50e6e4e92d1","responseTimeMs":281.21,"statusCode":201,"timestamp":"2026-07-20 11:39:49.383","url":"/api/auth/register"}
{"ip":"::1","level":"info","message":"Incoming request","method":"GET","requestId":"512f395a-0760-4eba-a037-d9db6a9b39fd","timestamp":"2026-07-20 11:39:49.593","url":"/api/vendors/profile"}
{"contentLength":519,"ip":"::1","level":"info","message":"Request completed","method":"GET","requestId":"512f395a-0760-4eba-a037-d9db6a9b39fd","responseTimeMs":133.47,"statusCode":200,"timestamp":"2026-07-20 11:39:49.726","url":"/api/vendors/profile"}
{"level":"info","message":"🔌 Client disconnected from Socket.io: xgIU6IpSwNVmq9hIAAAl","timestamp":"2026-07-20 11:39:49.743"}
{"ip":"::1","level":"info","message":"Incoming request","method":"GET","requestId":"5fd391ca-4312-4bb8-b91a-1e0a830349f6","timestamp":"2026-07-20 11:39:49.756","url":"/api/pos"}
{"ip":"::1","level":"info","message":"Incoming request","method":"GET","requestId":"baa4e8e4-5134-4645-9993-ee2ebf1f4f69","timestamp":"2026-07-20 11:39:49.767","url":"/api/grns"}
{"ip":"::1","level":"info","message":"Incoming request","method":"GET","requestId":"37b6070d-6de2-47ce-8db2-3bcde30659a0","timestamp":"2026-07-20 11:39:49.778","url":"/api/asns"}
{"ip":"::1","level":"info","message":"Incoming request","method":"GET","requestId":"99982e0d-18cd-47d8-8d65-84388071586d","timestamp":"2026-07-20 11:39:49.786","url":"/api/invoices"}
{"ip":"::1","level":"info","message":"Incoming request","method":"GET","requestId":"c69d8c57-880f-44eb-a554-f6fce88bf46d","timestamp":"2026-07-20 11:39:49.791","url":"/api/rfqs?all=true"}
{"level":"info","message":"🔌 Client connected to Socket.io: EkaFeJD4paMf_B0DAAAn (vendorId: mock_vendor_86417)","timestamp":"2026-07-20 11:39:49.799"}
{"level":"info","message":"🏢 Socket EkaFeJD4paMf_B0DAAAn joined vendor room: mock_vendor_86417","timestamp":"2026-07-20 11:39:49.800"}
{"contentLength":65,"ip":"::1","level":"info","message":"Request completed","method":"GET","requestId":"5fd391ca-4312-4bb8-b91a-1e0a830349f6","responseTimeMs":381.38,"statusCode":200,"timestamp":"2026-07-20 11:39:50.138","url":"/api/pos"}
{"contentLength":0,"ip":"::1","level":"info","message":"Request completed","method":"GET","requestId":"37b6070d-6de2-47ce-8db2-3bcde30659a0","responseTimeMs":456.32,"statusCode":304,"timestamp":"2026-07-20 11:39:50.235","url":"/api/asns"}
{"contentLength":0,"ip":"::1","level":"info","message":"Request completed","method":"GET","requestId":"baa4e8e4-5134-4645-9993-ee2ebf1f4f69","responseTimeMs":516.27,"statusCode":304,"timestamp":"2026-07-20 11:39:50.283","url":"/api/grns"}
{"contentLength":0,"ip":"::1","level":"info","message":"Request completed","method":"GET","requestId":"99982e0d-18cd-47d8-8d65-84388071586d","responseTimeMs":699.42,"statusCode":304,"timestamp":"2026-07-20 11:39:50.486","url":"/api/invoices"}
{"contentLength":0,"ip":"::1","level":"info","message":"Request completed","method":"GET","requestId":"c69d8c57-880f-44eb-a554-f6fce88bf46d","responseTimeMs":695.89,"statusCode":304,"timestamp":"2026-07-20 11:39:50.487","url":"/api/rfqs?all=true"}
{"ip":"::1","level":"info","message":"Incoming request","method":"GET","requestId":"bf0b05f0-44b7-463c-8e36-a28818080213","timestamp":"2026-07-20 11:44:36.010","url":"/api/vendors/profile"}
{"contentLength":0,"ip":"::1","level":"info","message":"Request completed","method":"GET","requestId":"bf0b05f0-44b7-463c-8e36-a28818080213","responseTimeMs":273.22,"statusCode":304,"timestamp":"2026-07-20 11:44:36.282","url":"/api/vendors/profile"}
{"ip":"::1","level":"info","message":"Incoming request","method":"GET","requestId":"cd8ef64c-86fe-4477-9da4-1b95bc421f37","timestamp":"2026-07-20 11:44:36.297","url":"/api/pos"}
{"ip":"::1","level":"info","message":"Incoming request","method":"GET","requestId":"4505edcc-2126-498b-90e0-ec09dbe62cdd","timestamp":"2026-07-20 11:44:36.305","url":"/api/grns"}
{"ip":"::1","level":"info","message":"Incoming request","method":"GET","requestId":"8fddde90-65a1-4a08-9137-fc9bb5769b9f","timestamp":"2026-07-20 11:44:36.309","url":"/api/asns"}
{"ip":"::1","level":"info","message":"Incoming request","method":"GET","requestId":"7403effb-58b4-40c2-ba5f-e6cf15ab8a34","timestamp":"2026-07-20 11:44:36.313","url":"/api/invoices"}
{"ip":"::1","level":"info","message":"Incoming request","method":"GET","requestId":"96e8c75d-9416-4bda-bfcb-7f73ee713c72","timestamp":"2026-07-20 11:44:36.320","url":"/api/rfqs?all=true"}
{"contentLength":0,"ip":"::1","level":"info","message":"Request completed","method":"GET","requestId":"8fddde90-65a1-4a08-9137-fc9bb5769b9f","responseTimeMs":94.74,"statusCode":304,"timestamp":"2026-07-20 11:44:36.403","url":"/api/asns"}
{"contentLength":0,"ip":"::1","level":"info","message":"Request completed","method":"GET","requestId":"7403effb-58b4-40c2-ba5f-e6cf15ab8a34","responseTimeMs":111.41,"statusCode":304,"timestamp":"2026-07-20 11:44:36.424","url":"/api/invoices"}
{"contentLength":0,"ip":"::1","level":"info","message":"Request completed","method":"GET","requestId":"4505edcc-2126-498b-90e0-ec09dbe62cdd","responseTimeMs":120.45,"statusCode":304,"timestamp":"2026-07-20 11:44:36.426","url":"/api/grns"}
{"contentLength":0,"ip":"::1","level":"info","message":"Request completed","method":"GET","requestId":"cd8ef64c-86fe-4477-9da4-1b95bc421f37","responseTimeMs":148.46,"statusCode":304,"timestamp":"2026-07-20 11:44:36.445","url":"/api/pos"}
{"contentLength":0,"ip":"::1","level":"info","message":"Request completed","method":"GET","requestId":"96e8c75d-9416-4bda-bfcb-7f73ee713c72","responseTimeMs":148.19,"statusCode":304,"timestamp":"2026-07-20 11:44:36.468","url":"/api/rfqs?all=true"}
{"ip":"::1","level":"info","message":"Incoming request","method":"GET","requestId":"b868f9b0-1993-43ed-b84b-97d18176f7b6","timestamp":"2026-07-20 11:44:41.229","url":"/api/vendors/profile"}
{"contentLength":0,"ip":"::1","level":"info","message":"Request completed","method":"GET","requestId":"b868f9b0-1993-43ed-b84b-97d18176f7b6","responseTimeMs":93.64,"statusCode":304,"timestamp":"2026-07-20 11:44:41.322","url":"/api/vendors/profile"}
{"ip":"::1","level":"info","message":"Incoming request","method":"GET","requestId":"0465a4cd-de20-49f4-bd1d-35cc74473eab","timestamp":"2026-07-20 11:44:41.341","url":"/api/pos"}
{"ip":"::1","level":"info","message":"Incoming request","method":"GET","requestId":"367cb87f-870c-4079-831a-593469a7f3e9","timestamp":"2026-07-20 11:44:41.344","url":"/api/grns"}
{"ip":"::1","level":"info","message":"Incoming request","method":"GET","requestId":"2b79a1d8-6fd9-42dc-b7c7-ce5d38a5924f","timestamp":"2026-07-20 11:44:41.346","url":"/api/asns"}
{"ip":"::1","level":"info","message":"Incoming request","method":"GET","requestId":"793c451a-957a-4d52-a478-85f04d57223c","timestamp":"2026-07-20 11:44:41.349","url":"/api/invoices"}
{"ip":"::1","level":"info","message":"Incoming request","method":"GET","requestId":"a572093a-133d-457b-bc97-5631173be7f7","timestamp":"2026-07-20 11:44:41.350","url":"/api/rfqs?all=true"}
{"contentLength":0,"ip":"::1","level":"info","message":"Request completed","method":"GET","requestId":"2b79a1d8-6fd9-42dc-b7c7-ce5d38a5924f","responseTimeMs":224.32,"statusCode":304,"timestamp":"2026-07-20 11:44:41.570","url":"/api/asns"}
{"contentLength":0,"ip":"::1","level":"info","message":"Request completed","method":"GET","requestId":"0465a4cd-de20-49f4-bd1d-35cc74473eab","responseTimeMs":255.15,"statusCode":304,"timestamp":"2026-07-20 11:44:41.596","url":"/api/pos"}
{"contentLength":0,"ip":"::1","level":"info","message":"Request completed","method":"GET","requestId":"793c451a-957a-4d52-a478-85f04d57223c","responseTimeMs":251.37,"statusCode":304,"timestamp":"2026-07-20 11:44:41.600","url":"/api/invoices"}
{"contentLength":0,"ip":"::1","level":"info","message":"Request completed","method":"GET","requestId":"a572093a-133d-457b-bc97-5631173be7f7","responseTimeMs":258.45,"statusCode":304,"timestamp":"2026-07-20 11:44:41.609","url":"/api/rfqs?all=true"}
{"contentLength":0,"ip":"::1","level":"info","message":"Request completed","method":"GET","requestId":"367cb87f-870c-4079-831a-593469a7f3e9","responseTimeMs":266.59,"statusCode":304,"timestamp":"2026-07-20 11:44:41.611","url":"/api/grns"}
{"ip":"::1","level":"info","message":"Incoming request","method":"GET","requestId":"4172265b-6d3a-4b83-82f8-952af1ed13f0","timestamp":"2026-07-20 11:45:21.801","url":"/api/vendors/profile"}
{"contentLength":0,"ip":"::1","level":"info","message":"Request completed","method":"GET","requestId":"4172265b-6d3a-4b83-82f8-952af1ed13f0","responseTimeMs":125.34,"statusCode":304,"timestamp":"2026-07-20 11:45:21.926","url":"/api/vendors/profile"}
{"ip":"::1","level":"info","message":"Incoming request","method":"GET","requestId":"78cbe9d3-8dcc-45d4-8901-978d6ee4c140","timestamp":"2026-07-20 11:45:21.942","url":"/api/pos"}
{"ip":"::1","level":"info","message":"Incoming request","method":"GET","requestId":"d3afb816-dac6-45cd-92cc-6c1ca486f0da","timestamp":"2026-07-20 11:45:21.943","url":"/api/grns"}
{"ip":"::1","level":"info","message":"Incoming request","method":"GET","requestId":"09163e18-f8c6-49b0-85dc-afdcfecab5d1","timestamp":"2026-07-20 11:45:21.944","url":"/api/asns"}
{"ip":"::1","level":"info","message":"Incoming request","method":"GET","requestId":"87b84128-afdc-4ccb-8e42-7263fbcc9362","timestamp":"2026-07-20 11:45:21.945","url":"/api/invoices"}
{"ip":"::1","level":"info","message":"Incoming request","method":"GET","requestId":"a11dfaa6-4814-48b8-b00f-4708a80109d0","timestamp":"2026-07-20 11:45:21.948","url":"/api/rfqs?all=true"}
{"contentLength":0,"ip":"::1","level":"info","message":"Request completed","method":"GET","requestId":"09163e18-f8c6-49b0-85dc-afdcfecab5d1","responseTimeMs":74.41,"statusCode":304,"timestamp":"2026-07-20 11:45:22.019","url":"/api/asns"}
{"contentLength":0,"ip":"::1","level":"info","message":"Request completed","method":"GET","requestId":"a11dfaa6-4814-48b8-b00f-4708a80109d0","responseTimeMs":109.82,"statusCode":304,"timestamp":"2026-07-20 11:45:22.058","url":"/api/rfqs?all=true"}
{"contentLength":0,"ip":"::1","level":"info","message":"Request completed","method":"GET","requestId":"d3afb816-dac6-45cd-92cc-6c1ca486f0da","responseTimeMs":115.71,"statusCode":304,"timestamp":"2026-07-20 11:45:22.059","url":"/api/grns"}
{"contentLength":0,"ip":"::1","level":"info","message":"Request completed","method":"GET","requestId":"87b84128-afdc-4ccb-8e42-7263fbcc9362","responseTimeMs":115.01,"statusCode":304,"timestamp":"2026-07-20 11:45:22.060","url":"/api/invoices"}
{"contentLength":0,"ip":"::1","level":"info","message":"Request completed","method":"GET","requestId":"78cbe9d3-8dcc-45d4-8901-978d6ee4c140","responseTimeMs":119.09,"statusCode":304,"timestamp":"2026-07-20 11:45:22.061","url":"/api/pos"}
