{"level":"warn","message":"⚠️ Development Warning: Missing Clerk environment credentials: CLERK_SECRET_KEY, CLERK_PUBLISHABLE_KEY, CLERK_WEBHOOK_SIGNING_SECRET. (Authentication features will be connected in Phase 7)","timestamp":"2026-07-10 12:03:03.190"}
{"level":"info","message":"✅ Environment variables validated successfully","timestamp":"2026-07-10 12:03:03.192"}
{"level":"info","message":"⏳ Connecting to database...","timestamp":"2026-07-10 12:03:08.244"}
{"level":"info","message":"🚀 Server running on port 5000","timestamp":"2026-07-10 12:03:08.538"}
{"ip":"::1","level":"info","message":"Incoming request","method":"GET","requestId":"47e17faf-ea28-48d0-a7a0-57b19353f914","timestamp":"2026-07-10 12:03:29.883","url":"/api/vendors/profile"}
{"ip":"::1","level":"info","message":"Incoming request","method":"GET","requestId":"b4c558f2-5e77-4e4f-b87f-f8eea386a0c4","timestamp":"2026-07-10 12:03:29.901","url":"/api/pos"}
{"ip":"::1","level":"info","message":"Incoming request","method":"GET","requestId":"8c5cbc86-2268-49ee-924e-1733dd390893","timestamp":"2026-07-10 12:03:29.909","url":"/api/grns"}
{"ip":"::1","level":"info","message":"Incoming request","method":"GET","requestId":"3dd4a8f3-66d8-45a4-8868-094c00e51e2d","timestamp":"2026-07-10 12:03:29.914","url":"/api/asns"}
{"level":"info","message":"🔌 Client connected to Socket.io: XyiIU4vy-oSApqULAAAB (vendorId: mock_vendor_49386)","timestamp":"2026-07-10 12:03:29.922"}
{"level":"info","message":"🏢 Socket XyiIU4vy-oSApqULAAAB joined vendor room: mock_vendor_49386","timestamp":"2026-07-10 12:03:29.925"}
{"ip":"::1","level":"info","message":"Incoming request","method":"GET","requestId":"0192c07a-73c7-47a4-b59d-d7b7e1f1edd6","timestamp":"2026-07-10 12:03:29.926","url":"/api/payments"}
{"ip":"::1","level":"info","message":"Incoming request","method":"GET","requestId":"07a5ad80-b268-448a-aad4-59f5b3cce89b","timestamp":"2026-07-10 12:03:29.929","url":"/api/invoices"}
{"contentLength":0,"ip":"::1","level":"info","message":"Request completed","method":"GET","requestId":"47e17faf-ea28-48d0-a7a0-57b19353f914","responseTimeMs":134.88,"statusCode":304,"timestamp":"2026-07-10 12:03:30.017","url":"/api/vendors/profile"}
{"ip":"::1","level":"info","message":"Incoming request","method":"GET","requestId":"17bb24dd-f416-4ec5-8f8c-eb8800b44c08","timestamp":"2026-07-10 12:03:30.019","url":"/api/rfqs?all=true"}
{"level":"info","message":"🔌 Client disconnected from Socket.io: XyiIU4vy-oSApqULAAAB","timestamp":"2026-07-10 12:03:30.028"}
{"level":"info","message":"🔌 Client connected to Socket.io: BOhM_Gsgx0olpHXlAAAD (vendorId: mock_vendor_49386)","timestamp":"2026-07-10 12:03:30.048"}
{"level":"info","message":"🏢 Socket BOhM_Gsgx0olpHXlAAAD joined vendor room: mock_vendor_49386","timestamp":"2026-07-10 12:03:30.049"}
{"contentLength":0,"ip":"::1","level":"info","message":"Request completed","method":"GET","requestId":"3dd4a8f3-66d8-45a4-8868-094c00e51e2d","responseTimeMs":145.63,"statusCode":304,"timestamp":"2026-07-10 12:03:30.060","url":"/api/asns"}
{"ip":"::1","level":"info","message":"Incoming request","method":"GET","requestId":"d55e9f9d-2a63-4393-90ce-e889ff7deab9","timestamp":"2026-07-10 12:03:30.063","url":"/api/chats"}
{"contentLength":0,"ip":"::1","level":"info","message":"Request completed","method":"GET","requestId":"8c5cbc86-2268-49ee-924e-1733dd390893","responseTimeMs":158.65,"statusCode":304,"timestamp":"2026-07-10 12:03:30.067","url":"/api/grns"}
{"contentLength":0,"ip":"::1","level":"info","message":"Request completed","method":"GET","requestId":"0192c07a-73c7-47a4-b59d-d7b7e1f1edd6","responseTimeMs":143.66,"statusCode":304,"timestamp":"2026-07-10 12:03:30.069","url":"/api/payments"}
{"contentLength":0,"ip":"::1","level":"info","message":"Request completed","method":"GET","requestId":"b4c558f2-5e77-4e4f-b87f-f8eea386a0c4","responseTimeMs":173.61,"statusCode":304,"timestamp":"2026-07-10 12:03:30.075","url":"/api/pos"}
{"contentLength":0,"ip":"::1","level":"info","message":"Request completed","method":"GET","requestId":"07a5ad80-b268-448a-aad4-59f5b3cce89b","responseTimeMs":148.3,"statusCode":304,"timestamp":"2026-07-10 12:03:30.077","url":"/api/invoices"}
{"ip":"::1","level":"info","message":"Incoming request","method":"GET","requestId":"8a75a2b1-3c18-4813-a585-71efaac9e75e","timestamp":"2026-07-10 12:03:30.082","url":"/api/logs"}
{"ip":"::1","level":"info","message":"Incoming request","method":"GET","requestId":"cd69ff4e-da2d-4ddc-ab06-be770928f213","timestamp":"2026-07-10 12:03:30.087","url":"/api/asns"}
{"ip":"::1","level":"info","message":"Incoming request","method":"GET","requestId":"ebd5288c-d274-41cb-a5e7-69634eb4b29f","timestamp":"2026-07-10 12:03:30.096","url":"/api/grns"}
{"ip":"::1","level":"info","message":"Incoming request","method":"GET","requestId":"57b5695d-d2f5-4454-b560-b92b8d1647f3","timestamp":"2026-07-10 12:03:30.099","url":"/api/pos"}
{"contentLength":0,"ip":"::1","level":"info","message":"Request completed","method":"GET","requestId":"17bb24dd-f416-4ec5-8f8c-eb8800b44c08","responseTimeMs":96.37,"statusCode":304,"timestamp":"2026-07-10 12:03:30.115","url":"/api/rfqs?all=true"}
{"contentLength":0,"ip":"::1","level":"info","message":"Request completed","method":"GET","requestId":"cd69ff4e-da2d-4ddc-ab06-be770928f213","responseTimeMs":37.04,"statusCode":304,"timestamp":"2026-07-10 12:03:30.124","url":"/api/asns"}
{"ip":"::1","level":"info","message":"Incoming request","method":"GET","requestId":"6cca0e94-9106-4736-901c-180a0b79237c","timestamp":"2026-07-10 12:03:30.125","url":"/api/invoices"}
{"contentLength":0,"ip":"::1","level":"info","message":"Request completed","method":"GET","requestId":"d55e9f9d-2a63-4393-90ce-e889ff7deab9","responseTimeMs":68.19,"statusCode":304,"timestamp":"2026-07-10 12:03:30.131","url":"/api/chats"}
{"ip":"::1","level":"info","message":"Incoming request","method":"GET","requestId":"91191255-1afc-4530-a2c4-e00b1d4a7d19","timestamp":"2026-07-10 12:03:30.136","url":"/api/rfqs?all=true"}
{"contentLength":0,"ip":"::1","level":"info","message":"Request completed","method":"GET","requestId":"ebd5288c-d274-41cb-a5e7-69634eb4b29f","responseTimeMs":52.71,"statusCode":304,"timestamp":"2026-07-10 12:03:30.149","url":"/api/grns"}
{"contentLength":0,"ip":"::1","level":"info","message":"Request completed","method":"GET","requestId":"57b5695d-d2f5-4454-b560-b92b8d1647f3","responseTimeMs":52.49,"statusCode":304,"timestamp":"2026-07-10 12:03:30.151","url":"/api/pos"}
{"contentLength":0,"ip":"::1","level":"info","message":"Request completed","method":"GET","requestId":"8a75a2b1-3c18-4813-a585-71efaac9e75e","responseTimeMs":74.92,"statusCode":200,"timestamp":"2026-07-10 12:03:30.157","url":"/api/logs"}
{"contentLength":0,"ip":"::1","level":"info","message":"Request completed","method":"GET","requestId":"6cca0e94-9106-4736-901c-180a0b79237c","responseTimeMs":37.71,"statusCode":304,"timestamp":"2026-07-10 12:03:30.163","url":"/api/invoices"}
{"contentLength":0,"ip":"::1","level":"info","message":"Request completed","method":"GET","requestId":"91191255-1afc-4530-a2c4-e00b1d4a7d19","responseTimeMs":30.63,"statusCode":304,"timestamp":"2026-07-10 12:03:30.167","url":"/api/rfqs?all=true"}
{"ip":"::1","level":"info","message":"Incoming request","method":"GET","requestId":"492fb1e5-b89f-4797-a983-fe37402642b3","timestamp":"2026-07-10 12:07:27.967","url":"/api/vendors/profile"}
{"contentLength":0,"ip":"::1","level":"info","message":"Request completed","method":"GET","requestId":"492fb1e5-b89f-4797-a983-fe37402642b3","responseTimeMs":117.02,"statusCode":304,"timestamp":"2026-07-10 12:07:28.084","url":"/api/vendors/profile"}
{"ip":"::1","level":"info","message":"Incoming request","method":"GET","requestId":"f1e42039-ded7-4f53-abe8-d46dc7d62813","timestamp":"2026-07-10 12:07:28.094","url":"/api/pos"}
{"ip":"::1","level":"info","message":"Incoming request","method":"GET","requestId":"e956e877-5a36-47ef-9e1a-37669fe69ff7","timestamp":"2026-07-10 12:07:28.097","url":"/api/grns"}
{"ip":"::1","level":"info","message":"Incoming request","method":"GET","requestId":"c20dfbca-acf8-463a-bab1-5a6808e836ff","timestamp":"2026-07-10 12:07:28.101","url":"/api/asns"}
{"ip":"::1","level":"info","message":"Incoming request","method":"GET","requestId":"6f32682f-7637-41c7-ad83-30f48e36455d","timestamp":"2026-07-10 12:07:28.104","url":"/api/invoices"}
{"ip":"::1","level":"info","message":"Incoming request","method":"GET","requestId":"3179eb08-5c6c-478c-a01d-868033a67633","timestamp":"2026-07-10 12:07:28.108","url":"/api/rfqs?all=true"}
{"contentLength":0,"ip":"::1","level":"info","message":"Request completed","method":"GET","requestId":"c20dfbca-acf8-463a-bab1-5a6808e836ff","responseTimeMs":29.67,"statusCode":304,"timestamp":"2026-07-10 12:07:28.130","url":"/api/asns"}
{"contentLength":0,"ip":"::1","level":"info","message":"Request completed","method":"GET","requestId":"f1e42039-ded7-4f53-abe8-d46dc7d62813","responseTimeMs":42.91,"statusCode":304,"timestamp":"2026-07-10 12:07:28.137","url":"/api/pos"}
{"contentLength":0,"ip":"::1","level":"info","message":"Request completed","method":"GET","requestId":"e956e877-5a36-47ef-9e1a-37669fe69ff7","responseTimeMs":42.06,"statusCode":304,"timestamp":"2026-07-10 12:07:28.139","url":"/api/grns"}
{"contentLength":0,"ip":"::1","level":"info","message":"Request completed","method":"GET","requestId":"6f32682f-7637-41c7-ad83-30f48e36455d","responseTimeMs":37.54,"statusCode":304,"timestamp":"2026-07-10 12:07:28.141","url":"/api/invoices"}
{"contentLength":0,"ip":"::1","level":"info","message":"Request completed","method":"GET","requestId":"3179eb08-5c6c-478c-a01d-868033a67633","responseTimeMs":35.9,"statusCode":304,"timestamp":"2026-07-10 12:07:28.144","url":"/api/rfqs?all=true"}
{"ip":"::1","level":"info","message":"Incoming request","method":"GET","requestId":"7c465802-b5ad-4b28-9654-4f6c9518d3e0","timestamp":"2026-07-10 12:07:29.720","url":"/api/vendors/profile"}
{"contentLength":0,"ip":"::1","level":"info","message":"Request completed","method":"GET","requestId":"7c465802-b5ad-4b28-9654-4f6c9518d3e0","responseTimeMs":10.94,"statusCode":304,"timestamp":"2026-07-10 12:07:29.731","url":"/api/vendors/profile"}
{"ip":"::1","level":"info","message":"Incoming request","method":"GET","requestId":"d290756b-0185-45e5-b220-e9653a4c4726","timestamp":"2026-07-10 12:07:29.738","url":"/api/pos"}
{"ip":"::1","level":"info","message":"Incoming request","method":"GET","requestId":"774a7a07-65b1-4aa2-b1dc-66a82a7cbff2","timestamp":"2026-07-10 12:07:29.743","url":"/api/grns"}
{"ip":"::1","level":"info","message":"Incoming request","method":"GET","requestId":"a67f5289-cc20-4de0-b83b-945ebec5eda2","timestamp":"2026-07-10 12:07:29.746","url":"/api/asns"}
{"ip":"::1","level":"info","message":"Incoming request","method":"GET","requestId":"17f0b0ca-d18a-492b-b7cc-454f0bc3d43a","timestamp":"2026-07-10 12:07:29.749","url":"/api/invoices"}
{"ip":"::1","level":"info","message":"Incoming request","method":"GET","requestId":"d58c4bd8-5a8e-4a5f-a5bb-5d903c5a942f","timestamp":"2026-07-10 12:07:29.752","url":"/api/rfqs?all=true"}
{"contentLength":0,"ip":"::1","level":"info","message":"Request completed","method":"GET","requestId":"a67f5289-cc20-4de0-b83b-945ebec5eda2","responseTimeMs":25.46,"statusCode":304,"timestamp":"2026-07-10 12:07:29.771","url":"/api/asns"}
{"contentLength":0,"ip":"::1","level":"info","message":"Request completed","method":"GET","requestId":"d290756b-0185-45e5-b220-e9653a4c4726","responseTimeMs":41.15,"statusCode":304,"timestamp":"2026-07-10 12:07:29.779","url":"/api/pos"}
{"contentLength":0,"ip":"::1","level":"info","message":"Request completed","method":"GET","requestId":"774a7a07-65b1-4aa2-b1dc-66a82a7cbff2","responseTimeMs":38.58,"statusCode":304,"timestamp":"2026-07-10 12:07:29.781","url":"/api/grns"}
{"contentLength":0,"ip":"::1","level":"info","message":"Request completed","method":"GET","requestId":"17f0b0ca-d18a-492b-b7cc-454f0bc3d43a","responseTimeMs":34.36,"statusCode":304,"timestamp":"2026-07-10 12:07:29.784","url":"/api/invoices"}
{"contentLength":0,"ip":"::1","level":"info","message":"Request completed","method":"GET","requestId":"d58c4bd8-5a8e-4a5f-a5bb-5d903c5a942f","responseTimeMs":47.74,"statusCode":304,"timestamp":"2026-07-10 12:07:29.800","url":"/api/rfqs?all=true"}
{"ip":"::1","level":"info","message":"Incoming request","method":"GET","requestId":"2bcef7eb-5d79-4ec4-a3db-18a6f5bf1707","timestamp":"2026-07-10 12:20:05.370","url":"/api/vendors/profile"}
{"contentLength":0,"ip":"::1","level":"info","message":"Request completed","method":"GET","requestId":"2bcef7eb-5d79-4ec4-a3db-18a6f5bf1707","responseTimeMs":80.03,"statusCode":304,"timestamp":"2026-07-10 12:20:05.450","url":"/api/vendors/profile"}
{"ip":"::1","level":"info","message":"Incoming request","method":"GET","requestId":"34c3e109-538c-44b4-a106-99a5973cace9","timestamp":"2026-07-10 12:20:05.488","url":"/api/pos"}
{"ip":"::1","level":"info","message":"Incoming request","method":"GET","requestId":"ce1b4524-fe93-43fc-9cea-d0d1c0e4f0ef","timestamp":"2026-07-10 12:20:05.502","url":"/api/grns"}
{"ip":"::1","level":"info","message":"Incoming request","method":"GET","requestId":"3b458cda-42c7-4d11-bb69-c5765f7ea58e","timestamp":"2026-07-10 12:20:05.505","url":"/api/asns"}
{"ip":"::1","level":"info","message":"Incoming request","method":"GET","requestId":"fc8b5826-54c6-46b3-9f87-8734200fa6a9","timestamp":"2026-07-10 12:20:05.525","url":"/api/invoices"}
{"ip":"::1","level":"info","message":"Incoming request","method":"GET","requestId":"e582d693-8075-46fb-817b-a194f20b5074","timestamp":"2026-07-10 12:20:05.559","url":"/api/rfqs?all=true"}
{"contentLength":0,"ip":"::1","level":"info","message":"Request completed","method":"GET","requestId":"3b458cda-42c7-4d11-bb69-c5765f7ea58e","responseTimeMs":170.77,"statusCode":304,"timestamp":"2026-07-10 12:20:05.676","url":"/api/asns"}
{"contentLength":0,"ip":"::1","level":"info","message":"Request completed","method":"GET","requestId":"ce1b4524-fe93-43fc-9cea-d0d1c0e4f0ef","responseTimeMs":204.41,"statusCode":304,"timestamp":"2026-07-10 12:20:05.706","url":"/api/grns"}
{"contentLength":0,"ip":"::1","level":"info","message":"Request completed","method":"GET","requestId":"fc8b5826-54c6-46b3-9f87-8734200fa6a9","responseTimeMs":182.14,"statusCode":304,"timestamp":"2026-07-10 12:20:05.708","url":"/api/invoices"}
{"contentLength":0,"ip":"::1","level":"info","message":"Request completed","method":"GET","requestId":"34c3e109-538c-44b4-a106-99a5973cace9","responseTimeMs":221.28,"statusCode":304,"timestamp":"2026-07-10 12:20:05.710","url":"/api/pos"}
{"contentLength":0,"ip":"::1","level":"info","message":"Request completed","method":"GET","requestId":"e582d693-8075-46fb-817b-a194f20b5074","responseTimeMs":168.4,"statusCode":304,"timestamp":"2026-07-10 12:20:05.728","url":"/api/rfqs?all=true"}
{"level":"info","message":"🔌 Client disconnected from Socket.io: BOhM_Gsgx0olpHXlAAAD","timestamp":"2026-07-10 12:40:09.657"}
{"level":"info","message":"🔌 Client connected to Socket.io: K33Kx4sweAEO8jq8AAAF (vendorId: mock_vendor_49386)","timestamp":"2026-07-10 12:41:26.049"}
{"level":"info","message":"🏢 Socket K33Kx4sweAEO8jq8AAAF joined vendor room: mock_vendor_49386","timestamp":"2026-07-10 12:41:26.050"}
{"ip":"::1","level":"info","message":"Incoming request","method":"GET","requestId":"f29d586a-2027-4f9b-a5c6-d8edcee869b3","timestamp":"2026-07-10 12:41:26.057","url":"/api/vendors/profile"}
{"ip":"::1","level":"info","message":"Incoming request","method":"GET","requestId":"a01b4b95-5dcb-4191-a767-335543b7d890","timestamp":"2026-07-10 12:41:26.136","url":"/api/pos"}
{"ip":"::1","level":"info","message":"Incoming request","method":"GET","requestId":"2c87a339-89fc-49bd-9c47-81edbebb5126","timestamp":"2026-07-10 12:41:26.138","url":"/api/grns"}
{"ip":"::1","level":"info","message":"Incoming request","method":"GET","requestId":"d9e0030b-181b-46b1-bbea-fe29e3153638","timestamp":"2026-07-10 12:41:26.141","url":"/api/asns"}
{"ip":"::1","level":"info","message":"Incoming request","method":"GET","requestId":"196f8486-f711-4da2-9dc2-e4bb6695a4c7","timestamp":"2026-07-10 12:41:26.143","url":"/api/payments"}
{"ip":"::1","level":"info","message":"Incoming request","method":"GET","requestId":"5217cc59-1a01-4539-a3cd-9d13fa859a2a","timestamp":"2026-07-10 12:41:26.146","url":"/api/invoices"}
{"contentLength":0,"ip":"::1","level":"info","message":"Request completed","method":"GET","requestId":"f29d586a-2027-4f9b-a5c6-d8edcee869b3","responseTimeMs":340.7,"statusCode":304,"timestamp":"2026-07-10 12:41:26.397","url":"/api/vendors/profile"}
{"contentLength":0,"ip":"::1","level":"info","message":"Request completed","method":"GET","requestId":"d9e0030b-181b-46b1-bbea-fe29e3153638","responseTimeMs":282.82,"statusCode":304,"timestamp":"2026-07-10 12:41:26.424","url":"/api/asns"}
{"ip":"::1","level":"info","message":"Incoming request","method":"GET","requestId":"0890fda1-7ea2-4b8b-9a97-cf9aad2d8eed","timestamp":"2026-07-10 12:41:26.428","url":"/api/rfqs?all=true"}
{"level":"info","message":"🔌 Client disconnected from Socket.io: K33Kx4sweAEO8jq8AAAF","timestamp":"2026-07-10 12:41:26.432"}
{"ip":"::1","level":"info","message":"Incoming request","method":"GET","requestId":"8a730287-b817-4c7b-bc03-b2641adddb5a","timestamp":"2026-07-10 12:41:26.436","url":"/api/chats"}
{"contentLength":0,"ip":"::1","level":"info","message":"Request completed","method":"GET","requestId":"a01b4b95-5dcb-4191-a767-335543b7d890","responseTimeMs":304.22,"statusCode":304,"timestamp":"2026-07-10 12:41:26.440","url":"/api/pos"}
{"contentLength":0,"ip":"::1","level":"info","message":"Request completed","method":"GET","requestId":"196f8486-f711-4da2-9dc2-e4bb6695a4c7","responseTimeMs":298.44,"statusCode":304,"timestamp":"2026-07-10 12:41:26.442","url":"/api/payments"}
{"contentLength":0,"ip":"::1","level":"info","message":"Request completed","method":"GET","requestId":"2c87a339-89fc-49bd-9c47-81edbebb5126","responseTimeMs":309.97,"statusCode":304,"timestamp":"2026-07-10 12:41:26.448","url":"/api/grns"}
{"level":"info","message":"🔌 Client connected to Socket.io: ARN06ESZG8YpC3jpAAAH (vendorId: mock_vendor_49386)","timestamp":"2026-07-10 12:41:26.452"}
{"level":"info","message":"🏢 Socket ARN06ESZG8YpC3jpAAAH joined vendor room: mock_vendor_49386","timestamp":"2026-07-10 12:41:26.452"}
{"ip":"::1","level":"info","message":"Incoming request","method":"GET","requestId":"7741cef2-ac11-476b-8885-8ce394430c41","timestamp":"2026-07-10 12:41:26.497","url":"/api/logs"}
{"ip":"::1","level":"info","message":"Incoming request","method":"GET","requestId":"443e66c1-4b78-46d7-93eb-522bd3107f17","timestamp":"2026-07-10 12:41:26.501","url":"/api/asns"}
{"contentLength":0,"ip":"::1","level":"info","message":"Request completed","method":"GET","requestId":"5217cc59-1a01-4539-a3cd-9d13fa859a2a","responseTimeMs":358.38,"statusCode":304,"timestamp":"2026-07-10 12:41:26.504","url":"/api/invoices"}
{"ip":"::1","level":"info","message":"Incoming request","method":"GET","requestId":"81879f97-f032-4df2-b1b6-72a2e8c2796d","timestamp":"2026-07-10 12:41:26.509","url":"/api/pos"}
{"ip":"::1","level":"info","message":"Incoming request","method":"GET","requestId":"7b40dc19-85a9-4be2-9e75-4d99407bd318","timestamp":"2026-07-10 12:41:26.552","url":"/api/grns"}
{"contentLength":0,"ip":"::1","level":"info","message":"Request completed","method":"GET","requestId":"0890fda1-7ea2-4b8b-9a97-cf9aad2d8eed","responseTimeMs":172.99,"statusCode":304,"timestamp":"2026-07-10 12:41:26.601","url":"/api/rfqs?all=true"}
{"contentLength":0,"ip":"::1","level":"info","message":"Request completed","method":"GET","requestId":"7741cef2-ac11-476b-8885-8ce394430c41","responseTimeMs":274.38,"statusCode":304,"timestamp":"2026-07-10 12:41:26.772","url":"/api/logs"}
{"contentLength":0,"ip":"::1","level":"info","message":"Request completed","method":"GET","requestId":"443e66c1-4b78-46d7-93eb-522bd3107f17","responseTimeMs":271.77,"statusCode":304,"timestamp":"2026-07-10 12:41:26.773","url":"/api/asns"}
{"ip":"::1","level":"info","message":"Incoming request","method":"GET","requestId":"69c8d809-8fcf-45ad-b524-56fcccc41eca","timestamp":"2026-07-10 12:41:26.775","url":"/api/invoices"}
{"contentLength":0,"ip":"::1","level":"info","message":"Request completed","method":"GET","requestId":"8a730287-b817-4c7b-bc03-b2641adddb5a","responseTimeMs":343.68,"statusCode":304,"timestamp":"2026-07-10 12:41:26.779","url":"/api/chats"}
{"ip":"::1","level":"info","message":"Incoming request","method":"GET","requestId":"f8d0ec0a-bb60-41ec-b8a6-b6050c3bd8b2","timestamp":"2026-07-10 12:41:26.780","url":"/api/rfqs?all=true"}
{"contentLength":0,"ip":"::1","level":"info","message":"Request completed","method":"GET","requestId":"81879f97-f032-4df2-b1b6-72a2e8c2796d","responseTimeMs":279.62,"statusCode":304,"timestamp":"2026-07-10 12:41:26.788","url":"/api/pos"}
{"contentLength":0,"ip":"::1","level":"info","message":"Request completed","method":"GET","requestId":"7b40dc19-85a9-4be2-9e75-4d99407bd318","responseTimeMs":239.99,"statusCode":304,"timestamp":"2026-07-10 12:41:26.792","url":"/api/grns"}
{"contentLength":0,"ip":"::1","level":"info","message":"Request completed","method":"GET","requestId":"69c8d809-8fcf-45ad-b524-56fcccc41eca","responseTimeMs":21.74,"statusCode":304,"timestamp":"2026-07-10 12:41:26.797","url":"/api/invoices"}
{"contentLength":0,"ip":"::1","level":"info","message":"Request completed","method":"GET","requestId":"f8d0ec0a-bb60-41ec-b8a6-b6050c3bd8b2","responseTimeMs":40.64,"statusCode":304,"timestamp":"2026-07-10 12:41:26.821","url":"/api/rfqs?all=true"}
{"ip":"::1","level":"info","message":"Incoming request","method":"GET","requestId":"f4d70247-1d4a-4ad2-9cc4-8e5dfc4934a2","timestamp":"2026-07-10 12:43:18.243","url":"/api/vendors/profile"}
{"contentLength":0,"ip":"::1","level":"info","message":"Request completed","method":"GET","requestId":"f4d70247-1d4a-4ad2-9cc4-8e5dfc4934a2","responseTimeMs":6.51,"statusCode":304,"timestamp":"2026-07-10 12:43:18.250","url":"/api/vendors/profile"}
{"ip":"::1","level":"info","message":"Incoming request","method":"GET","requestId":"b31d8846-bb4a-4916-98cf-aa038ed658b2","timestamp":"2026-07-10 12:43:18.267","url":"/api/pos"}
{"ip":"::1","level":"info","message":"Incoming request","method":"GET","requestId":"97bc7265-f325-4ff1-a11c-778383d904db","timestamp":"2026-07-10 12:43:18.271","url":"/api/grns"}
{"ip":"::1","level":"info","message":"Incoming request","method":"GET","requestId":"583afd25-4260-42e7-acb8-b81ce830090d","timestamp":"2026-07-10 12:43:18.275","url":"/api/asns"}
{"ip":"::1","level":"info","message":"Incoming request","method":"GET","requestId":"26734a04-f0bc-4ed4-b069-efcd0dc0350d","timestamp":"2026-07-10 12:43:18.309","url":"/api/invoices"}
{"ip":"::1","level":"info","message":"Incoming request","method":"GET","requestId":"740d9a2c-7993-40ec-942e-aafd54be6a72","timestamp":"2026-07-10 12:43:18.312","url":"/api/rfqs?all=true"}
{"contentLength":0,"ip":"::1","level":"info","message":"Request completed","method":"GET","requestId":"583afd25-4260-42e7-acb8-b81ce830090d","responseTimeMs":84.54,"statusCode":304,"timestamp":"2026-07-10 12:43:18.360","url":"/api/asns"}
{"contentLength":0,"ip":"::1","level":"info","message":"Request completed","method":"GET","requestId":"b31d8846-bb4a-4916-98cf-aa038ed658b2","responseTimeMs":98.44,"statusCode":304,"timestamp":"2026-07-10 12:43:18.366","url":"/api/pos"}
{"contentLength":0,"ip":"::1","level":"info","message":"Request completed","method":"GET","requestId":"97bc7265-f325-4ff1-a11c-778383d904db","responseTimeMs":96.79,"statusCode":304,"timestamp":"2026-07-10 12:43:18.368","url":"/api/grns"}
{"contentLength":0,"ip":"::1","level":"info","message":"Request completed","method":"GET","requestId":"740d9a2c-7993-40ec-942e-aafd54be6a72","responseTimeMs":80.32,"statusCode":304,"timestamp":"2026-07-10 12:43:18.392","url":"/api/rfqs?all=true"}
{"contentLength":0,"ip":"::1","level":"info","message":"Request completed","method":"GET","requestId":"26734a04-f0bc-4ed4-b069-efcd0dc0350d","responseTimeMs":84.95,"statusCode":304,"timestamp":"2026-07-10 12:43:18.394","url":"/api/invoices"}
{"ip":"::1","level":"info","message":"Incoming request","method":"GET","requestId":"ddfc8493-9ebd-4b00-9ea0-2432988fa117","timestamp":"2026-07-10 12:43:21.088","url":"/api/vendors/profile"}
{"contentLength":0,"ip":"::1","level":"info","message":"Request completed","method":"GET","requestId":"ddfc8493-9ebd-4b00-9ea0-2432988fa117","responseTimeMs":10.47,"statusCode":304,"timestamp":"2026-07-10 12:43:21.099","url":"/api/vendors/profile"}
{"ip":"::1","level":"info","message":"Incoming request","method":"GET","requestId":"b55f7998-eb63-47de-bea1-a2dfd3a51555","timestamp":"2026-07-10 12:43:21.117","url":"/api/pos"}
{"ip":"::1","level":"info","message":"Incoming request","method":"GET","requestId":"89f37d1e-c2d3-4b7a-8057-ec4d27c02070","timestamp":"2026-07-10 12:43:21.124","url":"/api/grns"}
{"ip":"::1","level":"info","message":"Incoming request","method":"GET","requestId":"fe5e2a3d-17ae-4091-9c16-5b817204f9f8","timestamp":"2026-07-10 12:43:21.132","url":"/api/asns"}
{"ip":"::1","level":"info","message":"Incoming request","method":"GET","requestId":"096f225b-0f9c-4b14-a1ea-f198ba14b45a","timestamp":"2026-07-10 12:43:21.138","url":"/api/invoices"}
{"ip":"::1","level":"info","message":"Incoming request","method":"GET","requestId":"06b79569-6b7e-4680-86c7-980fcd9a2cb9","timestamp":"2026-07-10 12:43:21.193","url":"/api/rfqs?all=true"}
{"contentLength":0,"ip":"::1","level":"info","message":"Request completed","method":"GET","requestId":"fe5e2a3d-17ae-4091-9c16-5b817204f9f8","responseTimeMs":79.85,"statusCode":304,"timestamp":"2026-07-10 12:43:21.212","url":"/api/asns"}
{"contentLength":0,"ip":"::1","level":"info","message":"Request completed","method":"GET","requestId":"b55f7998-eb63-47de-bea1-a2dfd3a51555","responseTimeMs":105.65,"statusCode":304,"timestamp":"2026-07-10 12:43:21.222","url":"/api/pos"}
{"contentLength":0,"ip":"::1","level":"info","message":"Request completed","method":"GET","requestId":"89f37d1e-c2d3-4b7a-8057-ec4d27c02070","responseTimeMs":102.69,"statusCode":304,"timestamp":"2026-07-10 12:43:21.227","url":"/api/grns"}
{"contentLength":0,"ip":"::1","level":"info","message":"Request completed","method":"GET","requestId":"096f225b-0f9c-4b14-a1ea-f198ba14b45a","responseTimeMs":93.83,"statusCode":304,"timestamp":"2026-07-10 12:43:21.232","url":"/api/invoices"}
{"contentLength":0,"ip":"::1","level":"info","message":"Request completed","method":"GET","requestId":"06b79569-6b7e-4680-86c7-980fcd9a2cb9","responseTimeMs":41.79,"statusCode":304,"timestamp":"2026-07-10 12:43:21.234","url":"/api/rfqs?all=true"}
{"ip":"::1","level":"info","message":"Incoming request","method":"GET","requestId":"e9c7ef77-0130-4754-82fe-3145d33beed2","timestamp":"2026-07-10 12:45:13.073","url":"/api/vendors/profile"}
{"contentLength":0,"ip":"::1","level":"info","message":"Request completed","method":"GET","requestId":"e9c7ef77-0130-4754-82fe-3145d33beed2","responseTimeMs":10.07,"statusCode":304,"timestamp":"2026-07-10 12:45:13.083","url":"/api/vendors/profile"}
{"ip":"::1","level":"info","message":"Incoming request","method":"GET","requestId":"7b23a87f-4252-485b-919e-e4052e334b28","timestamp":"2026-07-10 12:45:13.096","url":"/api/pos"}
{"ip":"::1","level":"info","message":"Incoming request","method":"GET","requestId":"983a9fc8-7a34-4613-a9ef-692fef6353c2","timestamp":"2026-07-10 12:45:13.099","url":"/api/grns"}
{"ip":"::1","level":"info","message":"Incoming request","method":"GET","requestId":"b4689a1a-202d-4187-aab9-fb27d60f3ad1","timestamp":"2026-07-10 12:45:13.138","url":"/api/asns"}
{"ip":"::1","level":"info","message":"Incoming request","method":"GET","requestId":"2546a36e-577d-41ba-8335-ecf78aa0a0c7","timestamp":"2026-07-10 12:45:13.141","url":"/api/invoices"}
{"ip":"::1","level":"info","message":"Incoming request","method":"GET","requestId":"acdd948c-fc66-4f7f-8292-b00fd1acfe3c","timestamp":"2026-07-10 12:45:13.144","url":"/api/rfqs?all=true"}
{"contentLength":0,"ip":"::1","level":"info","message":"Request completed","method":"GET","requestId":"b4689a1a-202d-4187-aab9-fb27d60f3ad1","responseTimeMs":18.99,"statusCode":304,"timestamp":"2026-07-10 12:45:13.157","url":"/api/asns"}
{"contentLength":0,"ip":"::1","level":"info","message":"Request completed","method":"GET","requestId":"7b23a87f-4252-485b-919e-e4052e334b28","responseTimeMs":67.01,"statusCode":304,"timestamp":"2026-07-10 12:45:13.163","url":"/api/pos"}
{"contentLength":0,"ip":"::1","level":"info","message":"Request completed","method":"GET","requestId":"983a9fc8-7a34-4613-a9ef-692fef6353c2","responseTimeMs":65.37,"statusCode":304,"timestamp":"2026-07-10 12:45:13.165","url":"/api/grns"}
{"contentLength":0,"ip":"::1","level":"info","message":"Request completed","method":"GET","requestId":"2546a36e-577d-41ba-8335-ecf78aa0a0c7","responseTimeMs":25.56,"statusCode":304,"timestamp":"2026-07-10 12:45:13.167","url":"/api/invoices"}
{"contentLength":0,"ip":"::1","level":"info","message":"Request completed","method":"GET","requestId":"acdd948c-fc66-4f7f-8292-b00fd1acfe3c","responseTimeMs":26.81,"statusCode":304,"timestamp":"2026-07-10 12:45:13.171","url":"/api/rfqs?all=true"}
{"ip":"::1","level":"info","message":"Incoming request","method":"GET","requestId":"ac4310c4-9acd-40d8-b070-d0692e1de771","timestamp":"2026-07-10 12:45:17.509","url":"/api/vendors/profile"}
{"contentLength":0,"ip":"::1","level":"info","message":"Request completed","method":"GET","requestId":"ac4310c4-9acd-40d8-b070-d0692e1de771","responseTimeMs":8.64,"statusCode":304,"timestamp":"2026-07-10 12:45:17.517","url":"/api/vendors/profile"}
{"ip":"::1","level":"info","message":"Incoming request","method":"GET","requestId":"cd8f4767-46f5-49be-b23f-7a939d362e8d","timestamp":"2026-07-10 12:45:17.527","url":"/api/pos"}
{"ip":"::1","level":"info","message":"Incoming request","method":"GET","requestId":"cdc82741-1dc8-4621-9420-45765eab359a","timestamp":"2026-07-10 12:45:17.530","url":"/api/grns"}
{"ip":"::1","level":"info","message":"Incoming request","method":"GET","requestId":"4466bcd7-4432-497a-ae2c-2dfcd41545cd","timestamp":"2026-07-10 12:45:17.534","url":"/api/asns"}
{"ip":"::1","level":"info","message":"Incoming request","method":"GET","requestId":"edb5d41a-dce7-41f9-adc4-2671695fba46","timestamp":"2026-07-10 12:45:17.538","url":"/api/invoices"}
{"ip":"::1","level":"info","message":"Incoming request","method":"GET","requestId":"8f87c30b-f314-4492-bc8d-eeafc72f23bb","timestamp":"2026-07-10 12:45:17.541","url":"/api/rfqs?all=true"}
{"contentLength":0,"ip":"::1","level":"info","message":"Request completed","method":"GET","requestId":"cdc82741-1dc8-4621-9420-45765eab359a","responseTimeMs":58.6,"statusCode":304,"timestamp":"2026-07-10 12:45:17.589","url":"/api/grns"}
{"contentLength":0,"ip":"::1","level":"info","message":"Request completed","method":"GET","requestId":"edb5d41a-dce7-41f9-adc4-2671695fba46","responseTimeMs":53.38,"statusCode":304,"timestamp":"2026-07-10 12:45:17.591","url":"/api/invoices"}
{"contentLength":0,"ip":"::1","level":"info","message":"Request completed","method":"GET","requestId":"8f87c30b-f314-4492-bc8d-eeafc72f23bb","responseTimeMs":52.39,"statusCode":304,"timestamp":"2026-07-10 12:45:17.594","url":"/api/rfqs?all=true"}
{"contentLength":0,"ip":"::1","level":"info","message":"Request completed","method":"GET","requestId":"cd8f4767-46f5-49be-b23f-7a939d362e8d","responseTimeMs":78.47,"statusCode":304,"timestamp":"2026-07-10 12:45:17.605","url":"/api/pos"}
{"contentLength":0,"ip":"::1","level":"info","message":"Request completed","method":"GET","requestId":"4466bcd7-4432-497a-ae2c-2dfcd41545cd","responseTimeMs":95.02,"statusCode":304,"timestamp":"2026-07-10 12:45:17.629","url":"/api/asns"}
{"ip":"::1","level":"info","message":"Incoming request","method":"GET","requestId":"3b3c5c5c-c62e-4d6d-ab65-b9172742d18c","timestamp":"2026-07-10 12:45:21.098","url":"/api/vendors/profile"}
{"contentLength":0,"ip":"::1","level":"info","message":"Request completed","method":"GET","requestId":"3b3c5c5c-c62e-4d6d-ab65-b9172742d18c","responseTimeMs":8.29,"statusCode":304,"timestamp":"2026-07-10 12:45:21.106","url":"/api/vendors/profile"}
{"ip":"::1","level":"info","message":"Incoming request","method":"GET","requestId":"b9340952-9d02-4b22-8b70-e6f4395e6f83","timestamp":"2026-07-10 12:45:21.116","url":"/api/pos"}
{"ip":"::1","level":"info","message":"Incoming request","method":"GET","requestId":"f6825093-d7ae-4f39-8484-a64361917fcc","timestamp":"2026-07-10 12:45:21.120","url":"/api/grns"}
{"ip":"::1","level":"info","message":"Incoming request","method":"GET","requestId":"17798519-6e17-4e8a-8d22-4b3a33c4ceb3","timestamp":"2026-07-10 12:45:21.124","url":"/api/asns"}
{"ip":"::1","level":"info","message":"Incoming request","method":"GET","requestId":"0e8bf49f-5d2c-497e-926d-adbb4fc4ec43","timestamp":"2026-07-10 12:45:21.128","url":"/api/invoices"}
{"ip":"::1","level":"info","message":"Incoming request","method":"GET","requestId":"7ad907c0-7c2d-4bb1-86da-cf6727b991a5","timestamp":"2026-07-10 12:45:21.141","url":"/api/rfqs?all=true"}
{"contentLength":0,"ip":"::1","level":"info","message":"Request completed","method":"GET","requestId":"17798519-6e17-4e8a-8d22-4b3a33c4ceb3","responseTimeMs":22.85,"statusCode":304,"timestamp":"2026-07-10 12:45:21.147","url":"/api/asns"}
{"contentLength":0,"ip":"::1","level":"info","message":"Request completed","method":"GET","requestId":"b9340952-9d02-4b22-8b70-e6f4395e6f83","responseTimeMs":38.99,"statusCode":304,"timestamp":"2026-07-10 12:45:21.155","url":"/api/pos"}
{"contentLength":0,"ip":"::1","level":"info","message":"Request completed","method":"GET","requestId":"f6825093-d7ae-4f39-8484-a64361917fcc","responseTimeMs":36.7,"statusCode":304,"timestamp":"2026-07-10 12:45:21.157","url":"/api/grns"}
{"contentLength":0,"ip":"::1","level":"info","message":"Request completed","method":"GET","requestId":"0e8bf49f-5d2c-497e-926d-adbb4fc4ec43","responseTimeMs":30.73,"statusCode":304,"timestamp":"2026-07-10 12:45:21.159","url":"/api/invoices"}
{"contentLength":0,"ip":"::1","level":"info","message":"Request completed","method":"GET","requestId":"7ad907c0-7c2d-4bb1-86da-cf6727b991a5","responseTimeMs":50.89,"statusCode":304,"timestamp":"2026-07-10 12:45:21.192","url":"/api/rfqs?all=true"}
{"ip":"::1","level":"info","message":"Incoming request","method":"GET","requestId":"6153e62e-47b7-44a2-a83f-ff346ee6e9e7","timestamp":"2026-07-10 12:45:58.310","url":"/api/vendors/profile"}
{"contentLength":0,"ip":"::1","level":"info","message":"Request completed","method":"GET","requestId":"6153e62e-47b7-44a2-a83f-ff346ee6e9e7","responseTimeMs":7.15,"statusCode":304,"timestamp":"2026-07-10 12:45:58.317","url":"/api/vendors/profile"}
{"ip":"::1","level":"info","message":"Incoming request","method":"GET","requestId":"87f7ee8d-b10c-4bbc-a452-1acd795eca6f","timestamp":"2026-07-10 12:45:58.334","url":"/api/pos"}
{"ip":"::1","level":"info","message":"Incoming request","method":"GET","requestId":"f9ea1d34-4bfe-4514-91ed-34aeb289d633","timestamp":"2026-07-10 12:45:58.339","url":"/api/grns"}
{"ip":"::1","level":"info","message":"Incoming request","method":"GET","requestId":"62e967d4-cadf-4ccf-8a4c-57bc764cfc20","timestamp":"2026-07-10 12:45:58.342","url":"/api/asns"}
{"ip":"::1","level":"info","message":"Incoming request","method":"GET","requestId":"62151ee2-ca97-49b2-8f01-793ca6c6c0e9","timestamp":"2026-07-10 12:45:58.345","url":"/api/invoices"}
{"ip":"::1","level":"info","message":"Incoming request","method":"GET","requestId":"6bb294e1-7584-4280-bdea-741399f7acff","timestamp":"2026-07-10 12:45:58.347","url":"/api/rfqs?all=true"}
{"contentLength":0,"ip":"::1","level":"info","message":"Request completed","method":"GET","requestId":"62e967d4-cadf-4ccf-8a4c-57bc764cfc20","responseTimeMs":30.25,"statusCode":304,"timestamp":"2026-07-10 12:45:58.372","url":"/api/asns"}
{"contentLength":0,"ip":"::1","level":"info","message":"Request completed","method":"GET","requestId":"87f7ee8d-b10c-4bbc-a452-1acd795eca6f","responseTimeMs":44.82,"statusCode":304,"timestamp":"2026-07-10 12:45:58.379","url":"/api/pos"}
{"contentLength":0,"ip":"::1","level":"info","message":"Request completed","method":"GET","requestId":"f9ea1d34-4bfe-4514-91ed-34aeb289d633","responseTimeMs":42.24,"statusCode":304,"timestamp":"2026-07-10 12:45:58.382","url":"/api/grns"}
{"contentLength":0,"ip":"::1","level":"info","message":"Request completed","method":"GET","requestId":"62151ee2-ca97-49b2-8f01-793ca6c6c0e9","responseTimeMs":42.11,"statusCode":304,"timestamp":"2026-07-10 12:45:58.387","url":"/api/invoices"}
{"contentLength":0,"ip":"::1","level":"info","message":"Request completed","method":"GET","requestId":"6bb294e1-7584-4280-bdea-741399f7acff","responseTimeMs":41.81,"statusCode":304,"timestamp":"2026-07-10 12:45:58.389","url":"/api/rfqs?all=true"}
{"ip":"::1","level":"info","message":"Incoming request","method":"GET","requestId":"8bed687a-0cf7-43bf-a322-a8ada11608dd","timestamp":"2026-07-10 12:46:13.333","url":"/api/vendors/profile"}
{"contentLength":0,"ip":"::1","level":"info","message":"Request completed","method":"GET","requestId":"8bed687a-0cf7-43bf-a322-a8ada11608dd","responseTimeMs":8.17,"statusCode":304,"timestamp":"2026-07-10 12:46:13.341","url":"/api/vendors/profile"}
{"ip":"::1","level":"info","message":"Incoming request","method":"GET","requestId":"c92dd863-d9f2-477e-a820-d7d12dcba039","timestamp":"2026-07-10 12:46:13.352","url":"/api/pos"}
{"ip":"::1","level":"info","message":"Incoming request","method":"GET","requestId":"a0657066-3e72-47c1-ad7b-11fad5d90ffa","timestamp":"2026-07-10 12:46:13.356","url":"/api/grns"}
{"ip":"::1","level":"info","message":"Incoming request","method":"GET","requestId":"fe13895a-6903-4ac8-a899-e32802a32ed7","timestamp":"2026-07-10 12:46:13.359","url":"/api/asns"}
{"ip":"::1","level":"info","message":"Incoming request","method":"GET","requestId":"746098f0-122b-4809-8a93-1a464ce9e326","timestamp":"2026-07-10 12:46:13.363","url":"/api/invoices"}
{"ip":"::1","level":"info","message":"Incoming request","method":"GET","requestId":"e22e855e-8794-4c06-8a91-ae8b177cd7ff","timestamp":"2026-07-10 12:46:13.365","url":"/api/rfqs?all=true"}
{"contentLength":0,"ip":"::1","level":"info","message":"Request completed","method":"GET","requestId":"fe13895a-6903-4ac8-a899-e32802a32ed7","responseTimeMs":19.62,"statusCode":304,"timestamp":"2026-07-10 12:46:13.379","url":"/api/asns"}
{"contentLength":0,"ip":"::1","level":"info","message":"Request completed","method":"GET","requestId":"c92dd863-d9f2-477e-a820-d7d12dcba039","responseTimeMs":45.31,"statusCode":304,"timestamp":"2026-07-10 12:46:13.397","url":"/api/pos"}
{"contentLength":0,"ip":"::1","level":"info","message":"Request completed","method":"GET","requestId":"a0657066-3e72-47c1-ad7b-11fad5d90ffa","responseTimeMs":44.31,"statusCode":304,"timestamp":"2026-07-10 12:46:13.400","url":"/api/grns"}
{"contentLength":0,"ip":"::1","level":"info","message":"Request completed","method":"GET","requestId":"746098f0-122b-4809-8a93-1a464ce9e326","responseTimeMs":39.59,"statusCode":304,"timestamp":"2026-07-10 12:46:13.402","url":"/api/invoices"}
{"contentLength":0,"ip":"::1","level":"info","message":"Request completed","method":"GET","requestId":"e22e855e-8794-4c06-8a91-ae8b177cd7ff","responseTimeMs":38.83,"statusCode":304,"timestamp":"2026-07-10 12:46:13.404","url":"/api/rfqs?all=true"}
{"ip":"::1","level":"info","message":"Incoming request","method":"GET","requestId":"23086318-271c-4472-bfb3-968f14b4e193","timestamp":"2026-07-10 12:57:38.385","url":"/api/vendors/profile"}
{"contentLength":0,"ip":"::1","level":"info","message":"Request completed","method":"GET","requestId":"23086318-271c-4472-bfb3-968f14b4e193","responseTimeMs":10.48,"statusCode":304,"timestamp":"2026-07-10 12:57:38.396","url":"/api/vendors/profile"}
{"ip":"::1","level":"info","message":"Incoming request","method":"GET","requestId":"562af175-8265-4cde-a273-739991620e7f","timestamp":"2026-07-10 12:57:38.429","url":"/api/pos"}
{"ip":"::1","level":"info","message":"Incoming request","method":"GET","requestId":"4f6ede0a-995f-432e-bd81-411d2fcffc50","timestamp":"2026-07-10 12:57:38.435","url":"/api/grns"}
{"ip":"::1","level":"info","message":"Incoming request","method":"GET","requestId":"ec55426b-2f42-4e3b-9847-b4c877309216","timestamp":"2026-07-10 12:57:38.440","url":"/api/asns"}
{"ip":"::1","level":"info","message":"Incoming request","method":"GET","requestId":"8a829007-865d-4c7e-b64f-a7eae58e0c5e","timestamp":"2026-07-10 12:57:38.444","url":"/api/invoices"}
{"ip":"::1","level":"info","message":"Incoming request","method":"GET","requestId":"4457c439-e0c0-4521-9d8d-b3a0c0d08119","timestamp":"2026-07-10 12:57:38.452","url":"/api/rfqs?all=true"}
{"contentLength":0,"ip":"::1","level":"info","message":"Request completed","method":"GET","requestId":"ec55426b-2f42-4e3b-9847-b4c877309216","responseTimeMs":50.43,"statusCode":304,"timestamp":"2026-07-10 12:57:38.490","url":"/api/asns"}
{"contentLength":0,"ip":"::1","level":"info","message":"Request completed","method":"GET","requestId":"562af175-8265-4cde-a273-739991620e7f","responseTimeMs":68.85,"statusCode":304,"timestamp":"2026-07-10 12:57:38.498","url":"/api/pos"}
{"contentLength":0,"ip":"::1","level":"info","message":"Request completed","method":"GET","requestId":"4f6ede0a-995f-432e-bd81-411d2fcffc50","responseTimeMs":65.29,"statusCode":304,"timestamp":"2026-07-10 12:57:38.500","url":"/api/grns"}
{"contentLength":0,"ip":"::1","level":"info","message":"Request completed","method":"GET","requestId":"8a829007-865d-4c7e-b64f-a7eae58e0c5e","responseTimeMs":59.63,"statusCode":304,"timestamp":"2026-07-10 12:57:38.504","url":"/api/invoices"}
{"contentLength":0,"ip":"::1","level":"info","message":"Request completed","method":"GET","requestId":"4457c439-e0c0-4521-9d8d-b3a0c0d08119","responseTimeMs":56.55,"statusCode":304,"timestamp":"2026-07-10 12:57:38.508","url":"/api/rfqs?all=true"}
{"ip":"::1","level":"info","message":"Incoming request","method":"GET","requestId":"6de1eea3-d196-4a23-87ae-e5bc93f80113","timestamp":"2026-07-10 13:15:16.840","url":"/api/vendors/profile"}
{"contentLength":0,"ip":"::1","level":"info","message":"Request completed","method":"GET","requestId":"6de1eea3-d196-4a23-87ae-e5bc93f80113","responseTimeMs":20.46,"statusCode":304,"timestamp":"2026-07-10 13:15:16.860","url":"/api/vendors/profile"}
{"ip":"::1","level":"info","message":"Incoming request","method":"GET","requestId":"a0a8e5c2-fdc4-4b78-b7a5-b1ed7a8903f7","timestamp":"2026-07-10 13:15:16.895","url":"/api/pos"}
{"ip":"::1","level":"info","message":"Incoming request","method":"GET","requestId":"5e62348c-4db7-4bea-a2a3-6f9209db29fc","timestamp":"2026-07-10 13:15:16.906","url":"/api/grns"}
{"ip":"::1","level":"info","message":"Incoming request","method":"GET","requestId":"80730bcf-a314-4219-8d9b-0f92243d24d2","timestamp":"2026-07-10 13:15:16.916","url":"/api/asns"}
{"ip":"::1","level":"info","message":"Incoming request","method":"GET","requestId":"6b34c537-6120-496e-b043-86e4232394a0","timestamp":"2026-07-10 13:15:16.923","url":"/api/invoices"}
{"ip":"::1","level":"info","message":"Incoming request","method":"GET","requestId":"61454c36-add1-4cc8-a8f8-a33152b8251f","timestamp":"2026-07-10 13:15:16.930","url":"/api/rfqs?all=true"}
{"contentLength":0,"ip":"::1","level":"info","message":"Request completed","method":"GET","requestId":"80730bcf-a314-4219-8d9b-0f92243d24d2","responseTimeMs":46.78,"statusCode":304,"timestamp":"2026-07-10 13:15:16.963","url":"/api/asns"}
{"contentLength":0,"ip":"::1","level":"info","message":"Request completed","method":"GET","requestId":"a0a8e5c2-fdc4-4b78-b7a5-b1ed7a8903f7","responseTimeMs":81.44,"statusCode":304,"timestamp":"2026-07-10 13:15:16.977","url":"/api/pos"}
{"contentLength":0,"ip":"::1","level":"info","message":"Request completed","method":"GET","requestId":"5e62348c-4db7-4bea-a2a3-6f9209db29fc","responseTimeMs":73.61,"statusCode":304,"timestamp":"2026-07-10 13:15:16.980","url":"/api/grns"}
{"contentLength":0,"ip":"::1","level":"info","message":"Request completed","method":"GET","requestId":"6b34c537-6120-496e-b043-86e4232394a0","responseTimeMs":60.49,"statusCode":304,"timestamp":"2026-07-10 13:15:16.984","url":"/api/invoices"}
{"contentLength":0,"ip":"::1","level":"info","message":"Request completed","method":"GET","requestId":"61454c36-add1-4cc8-a8f8-a33152b8251f","responseTimeMs":58.83,"statusCode":304,"timestamp":"2026-07-10 13:15:16.989","url":"/api/rfqs?all=true"}
{"level":"info","message":"🔌 Client disconnected from Socket.io: ARN06ESZG8YpC3jpAAAH","timestamp":"2026-07-10 16:23:03.593"}
