{"level":"warn","message":"Operational warning: Invalid credentials Invalid credentials","method":"POST","statusCode":401,"timestamp":"2026-07-22 11:33:54.453","url":"/api/auth/login"}
{"level":"warn","message":"Operational warning: Password reset token is invalid or has expired Password reset token is invalid or has expired","method":"POST","statusCode":400,"timestamp":"2026-07-22 11:33:54.487","url":"/api/auth/reset-password"}
{"level":"warn","message":"Operational warning: Password reset token is invalid or has expired Password reset token is invalid or has expired","method":"POST","statusCode":400,"timestamp":"2026-07-22 11:33:54.584","url":"/api/auth/reset-password"}
{"level":"warn","message":"Operational warning: Password reset token is invalid or has expired Password reset token is invalid or has expired","method":"POST","statusCode":400,"timestamp":"2026-07-22 11:33:54.751","url":"/api/auth/reset-password"}
{"level":"warn","message":"Operational warning: Missing unit price for line 20 Missing unit price for line 20","method":"POST","statusCode":400,"timestamp":"2026-07-22 11:33:57.121","url":"/api/rfqs/RFQ-2026-001/bid"}
{"level":"warn","message":"Operational warning: RFQ submission deadline has passed RFQ submission deadline has passed","method":"POST","statusCode":400,"timestamp":"2026-07-22 11:33:57.241","url":"/api/rfqs/RFQ-2026-001/bid"}
{"level":"warn","message":"Operational warning: Bidding is closed for this RFQ Bidding is closed for this RFQ","method":"POST","statusCode":400,"timestamp":"2026-07-22 11:33:57.351","url":"/api/rfqs/RFQ-2026-001/bid"}
{"level":"warn","message":"Operational warning: This RFQ has already been awarded This RFQ has already been awarded","method":"POST","statusCode":400,"timestamp":"2026-07-22 11:33:57.839","url":"/api/rfqs/RFQ-2026-001/award"}
{"level":"warn","message":"Operational warning: Bid not found for the specified vendor Bid not found for the specified vendor","method":"POST","statusCode":404,"timestamp":"2026-07-22 11:33:57.938","url":"/api/rfqs/RFQ-2026-001/award"}
{"level":"warn","message":"Operational warning: RFQ not found RFQ not found","method":"PUT","statusCode":404,"timestamp":"2026-07-22 11:33:58.270","url":"/api/rfqs/RFQ-9999-999/cancel"}
{"level":"warn","message":"Operational warning: Not authorized to access this route, token missing Not authorized to access this route, token missing","method":"GET","statusCode":401,"timestamp":"2026-07-22 11:33:59.998","url":"/api/rfqs"}
{"level":"warn","message":"Operational warning: Not authorized to access this route, token missing Not authorized to access this route, token missing","method":"GET","statusCode":401,"timestamp":"2026-07-22 11:34:00.103","url":"/api/rfqs"}
{"level":"warn","message":"Operational warning: Vendor with this ID, email, or GSTIN already exists Vendor with this ID, email, or GSTIN already exists","method":"POST","statusCode":409,"timestamp":"2026-07-22 11:34:01.667","url":"/api/auth/register"}
{"level":"warn","message":"Operational warning: Invalid credentials Invalid credentials","method":"POST","statusCode":401,"timestamp":"2026-07-22 11:34:02.388","url":"/api/auth/login"}
{"level":"warn","message":"Operational warning: Invalid credentials Invalid credentials","method":"POST","statusCode":401,"timestamp":"2026-07-22 11:34:02.477","url":"/api/auth/login"}
{"level":"warn","message":"Operational warning: Not authorized to access this route, token missing Not authorized to access this route, token missing","method":"GET","statusCode":401,"timestamp":"2026-07-22 11:34:02.580","url":"/api/auth/me"}
{"level":"warn","message":"Operational warning: Not authorized, invalid token Not authorized, invalid token","method":"GET","statusCode":401,"timestamp":"2026-07-22 11:34:02.589","url":"/api/auth/me"}
{"level":"warn","message":"Operational warning: Not authorized to access this route, token missing Not authorized to access this route, token missing","method":"GET","statusCode":401,"timestamp":"2026-07-22 11:34:04.172","url":"/api/vendors/profile"}
{"level":"warn","message":"Operational warning: Vendor with this ID, email, or GSTIN already exists Vendor with this ID, email, or GSTIN already exists","method":"POST","statusCode":409,"timestamp":"2026-07-22 11:34:04.307","url":"/api/vendors/profile"}
{"level":"warn","message":"Operational warning: Not authorized for this action Not authorized for this action","method":"GET","statusCode":403,"timestamp":"2026-07-22 11:34:04.788","url":"/api/vendors"}
{"level":"warn","message":"Operational warning: Not authorized for this action Not authorized for this action","method":"PUT","statusCode":403,"timestamp":"2026-07-22 11:34:04.793","url":"/api/vendors/6a605d5464b5adc7047d430a/approve"}
{"level":"warn","message":"Operational warning: Not authorized for this action Not authorized for this action","method":"PUT","statusCode":403,"timestamp":"2026-07-22 11:34:04.799","url":"/api/vendors/6a605d5464b5adc7047d430a/reject"}
{"level":"warn","message":"Operational warning: Invalid credentials Invalid credentials","method":"POST","statusCode":401,"timestamp":"2026-07-22 11:50:26.327","url":"/api/auth/login"}
{"level":"warn","message":"Operational warning: Password reset token is invalid or has expired Password reset token is invalid or has expired","method":"POST","statusCode":400,"timestamp":"2026-07-22 11:50:26.362","url":"/api/auth/reset-password"}
{"level":"warn","message":"Operational warning: Password reset token is invalid or has expired Password reset token is invalid or has expired","method":"POST","statusCode":400,"timestamp":"2026-07-22 11:50:26.465","url":"/api/auth/reset-password"}
{"level":"warn","message":"Operational warning: Password reset token is invalid or has expired Password reset token is invalid or has expired","method":"POST","statusCode":400,"timestamp":"2026-07-22 11:50:26.637","url":"/api/auth/reset-password"}
{"level":"warn","message":"Operational warning: Missing unit price for line 20 Missing unit price for line 20","method":"POST","statusCode":400,"timestamp":"2026-07-22 11:50:29.022","url":"/api/rfqs/RFQ-2026-001/bid"}
{"level":"warn","message":"Operational warning: RFQ submission deadline has passed RFQ submission deadline has passed","method":"POST","statusCode":400,"timestamp":"2026-07-22 11:50:29.139","url":"/api/rfqs/RFQ-2026-001/bid"}
{"level":"warn","message":"Operational warning: Bidding is closed for this RFQ Bidding is closed for this RFQ","method":"POST","statusCode":400,"timestamp":"2026-07-22 11:50:29.263","url":"/api/rfqs/RFQ-2026-001/bid"}
{"level":"warn","message":"Operational warning: This RFQ has already been awarded This RFQ has already been awarded","method":"POST","statusCode":400,"timestamp":"2026-07-22 11:50:29.702","url":"/api/rfqs/RFQ-2026-001/award"}
{"level":"warn","message":"Operational warning: Bid not found for the specified vendor Bid not found for the specified vendor","method":"POST","statusCode":404,"timestamp":"2026-07-22 11:50:29.797","url":"/api/rfqs/RFQ-2026-001/award"}
{"level":"warn","message":"Operational warning: RFQ not found RFQ not found","method":"PUT","statusCode":404,"timestamp":"2026-07-22 11:50:30.088","url":"/api/rfqs/RFQ-9999-999/cancel"}
{"level":"warn","message":"Operational warning: Vendor with this ID, email, or GSTIN already exists Vendor with this ID, email, or GSTIN already exists","method":"POST","statusCode":409,"timestamp":"2026-07-22 11:50:31.874","url":"/api/auth/register"}
{"level":"warn","message":"Operational warning: Invalid credentials Invalid credentials","method":"POST","statusCode":401,"timestamp":"2026-07-22 11:50:32.636","url":"/api/auth/login"}
{"level":"warn","message":"Operational warning: Invalid credentials Invalid credentials","method":"POST","statusCode":401,"timestamp":"2026-07-22 11:50:32.720","url":"/api/auth/login"}
{"level":"warn","message":"Operational warning: Not authorized to access this route, token missing Not authorized to access this route, token missing","method":"GET","statusCode":401,"timestamp":"2026-07-22 11:50:32.813","url":"/api/auth/me"}
{"level":"warn","message":"Operational warning: Not authorized, invalid token Not authorized, invalid token","method":"GET","statusCode":401,"timestamp":"2026-07-22 11:50:32.831","url":"/api/auth/me"}
{"level":"warn","message":"Operational warning: Not authorized to access this route, token missing Not authorized to access this route, token missing","method":"GET","statusCode":401,"timestamp":"2026-07-22 11:50:34.644","url":"/api/vendors/profile"}
{"level":"warn","message":"Operational warning: Vendor with this ID, email, or GSTIN already exists Vendor with this ID, email, or GSTIN already exists","method":"POST","statusCode":409,"timestamp":"2026-07-22 11:50:34.780","url":"/api/vendors/profile"}
{"level":"warn","message":"Operational warning: Not authorized for this action Not authorized for this action","method":"GET","statusCode":403,"timestamp":"2026-07-22 11:50:35.329","url":"/api/vendors"}
{"level":"warn","message":"Operational warning: Not authorized for this action Not authorized for this action","method":"PUT","statusCode":403,"timestamp":"2026-07-22 11:50:35.337","url":"/api/vendors/6a6061333ddfdb277a079a9b/approve"}
{"level":"warn","message":"Operational warning: Not authorized for this action Not authorized for this action","method":"PUT","statusCode":403,"timestamp":"2026-07-22 11:50:35.345","url":"/api/vendors/6a6061333ddfdb277a079a9b/reject"}
{"level":"warn","message":"Operational warning: Not authorized to access this route, token missing Not authorized to access this route, token missing","method":"GET","statusCode":401,"timestamp":"2026-07-22 11:50:37.207","url":"/api/rfqs"}
{"level":"warn","message":"Operational warning: Not authorized to access this route, token missing Not authorized to access this route, token missing","method":"GET","statusCode":401,"timestamp":"2026-07-22 11:50:37.299","url":"/api/rfqs"}
{"level":"warn","message":"Operational warning: Invalid credentials Invalid credentials","method":"POST","statusCode":401,"timestamp":"2026-07-22 11:50:41.394","url":"/api/auth/login"}
{"level":"warn","message":"Operational warning: Password reset token is invalid or has expired Password reset token is invalid or has expired","method":"POST","statusCode":400,"timestamp":"2026-07-22 11:50:41.424","url":"/api/auth/reset-password"}
{"level":"warn","message":"Operational warning: Password reset token is invalid or has expired Password reset token is invalid or has expired","method":"POST","statusCode":400,"timestamp":"2026-07-22 11:50:41.517","url":"/api/auth/reset-password"}
{"level":"warn","message":"Operational warning: Password reset token is invalid or has expired Password reset token is invalid or has expired","method":"POST","statusCode":400,"timestamp":"2026-07-22 11:50:41.682","url":"/api/auth/reset-password"}
{"level":"warn","message":"Operational warning: Missing unit price for line 20 Missing unit price for line 20","method":"POST","statusCode":400,"timestamp":"2026-07-22 11:50:43.660","url":"/api/rfqs/RFQ-2026-001/bid"}
{"level":"warn","message":"Operational warning: RFQ submission deadline has passed RFQ submission deadline has passed","method":"POST","statusCode":400,"timestamp":"2026-07-22 11:50:43.767","url":"/api/rfqs/RFQ-2026-001/bid"}
{"level":"warn","message":"Operational warning: Bidding is closed for this RFQ Bidding is closed for this RFQ","method":"POST","statusCode":400,"timestamp":"2026-07-22 11:50:43.865","url":"/api/rfqs/RFQ-2026-001/bid"}
{"level":"warn","message":"Operational warning: This RFQ has already been awarded This RFQ has already been awarded","method":"POST","statusCode":400,"timestamp":"2026-07-22 11:50:44.360","url":"/api/rfqs/RFQ-2026-001/award"}
{"level":"warn","message":"Operational warning: Bid not found for the specified vendor Bid not found for the specified vendor","method":"POST","statusCode":404,"timestamp":"2026-07-22 11:50:44.458","url":"/api/rfqs/RFQ-2026-001/award"}
{"level":"warn","message":"Operational warning: RFQ not found RFQ not found","method":"PUT","statusCode":404,"timestamp":"2026-07-22 11:50:44.766","url":"/api/rfqs/RFQ-9999-999/cancel"}
{"level":"warn","message":"Operational warning: Not authorized to access this route, token missing Not authorized to access this route, token missing","method":"GET","statusCode":401,"timestamp":"2026-07-22 11:50:46.387","url":"/api/vendors/profile"}
{"level":"warn","message":"Operational warning: Vendor with this ID, email, or GSTIN already exists Vendor with this ID, email, or GSTIN already exists","method":"POST","statusCode":409,"timestamp":"2026-07-22 11:50:46.532","url":"/api/vendors/profile"}
{"level":"warn","message":"Operational warning: Not authorized for this action Not authorized for this action","method":"GET","statusCode":403,"timestamp":"2026-07-22 11:50:47.012","url":"/api/vendors"}
{"level":"warn","message":"Operational warning: Not authorized for this action Not authorized for this action","method":"PUT","statusCode":403,"timestamp":"2026-07-22 11:50:47.017","url":"/api/vendors/6a60613ef1e8d98dd1673a1b/approve"}
{"level":"warn","message":"Operational warning: Not authorized for this action Not authorized for this action","method":"PUT","statusCode":403,"timestamp":"2026-07-22 11:50:47.023","url":"/api/vendors/6a60613ef1e8d98dd1673a1b/reject"}
{"level":"warn","message":"Operational warning: Vendor with this ID, email, or GSTIN already exists Vendor with this ID, email, or GSTIN already exists","method":"POST","statusCode":409,"timestamp":"2026-07-22 11:50:48.906","url":"/api/auth/register"}
{"level":"warn","message":"Operational warning: Invalid credentials Invalid credentials","method":"POST","statusCode":401,"timestamp":"2026-07-22 11:50:49.651","url":"/api/auth/login"}
{"level":"warn","message":"Operational warning: Invalid credentials Invalid credentials","method":"POST","statusCode":401,"timestamp":"2026-07-22 11:50:49.752","url":"/api/auth/login"}
{"level":"warn","message":"Operational warning: Not authorized to access this route, token missing Not authorized to access this route, token missing","method":"GET","statusCode":401,"timestamp":"2026-07-22 11:50:49.853","url":"/api/auth/me"}
{"level":"warn","message":"Operational warning: Not authorized, invalid token Not authorized, invalid token","method":"GET","statusCode":401,"timestamp":"2026-07-22 11:50:49.863","url":"/api/auth/me"}
{"level":"warn","message":"Operational warning: Not authorized to access this route, token missing Not authorized to access this route, token missing","method":"GET","statusCode":401,"timestamp":"2026-07-22 11:50:51.459","url":"/api/rfqs"}
{"level":"warn","message":"Operational warning: Not authorized to access this route, token missing Not authorized to access this route, token missing","method":"GET","statusCode":401,"timestamp":"2026-07-22 11:50:51.550","url":"/api/rfqs"}
{"level":"info","message":"✅ Clerk Authentication environment keys detected","timestamp":"2026-07-22 11:51:06.409"}
{"level":"info","message":"✅ Environment variables validated successfully","timestamp":"2026-07-22 11:51:06.410"}
{"level":"info","message":"⏳ Connecting to database...","timestamp":"2026-07-22 11:51:07.658"}
{"level":"info","message":"🚀 Server running on port 5000","timestamp":"2026-07-22 11:51:08.461"}
{"level":"info","message":"✅ Clerk Authentication environment keys detected","timestamp":"2026-07-22 11:51:09.506"}
{"level":"info","message":"✅ Environment variables validated successfully","timestamp":"2026-07-22 11:51:09.508"}
{"level":"info","message":"⏳ Connecting to database...","timestamp":"2026-07-22 11:51:10.401"}
{"ip":"::1","level":"info","message":"Incoming request","method":"GET","requestId":"0f8f4bcb-2f58-445c-9d02-0454b5ef04e2","timestamp":"2026-07-22 11:53:12.076","url":"/api/health"}
{"contentLength":124,"ip":"::1","level":"info","message":"Request completed","method":"GET","requestId":"0f8f4bcb-2f58-445c-9d02-0454b5ef04e2","responseTimeMs":41.68,"statusCode":200,"timestamp":"2026-07-22 11:53:12.111","url":"/api/health"}
{"level":"info","message":"✅ Clerk Authentication environment keys detected","timestamp":"2026-07-22 12:21:18.095"}
{"level":"info","message":"✅ Environment variables validated successfully","timestamp":"2026-07-22 12:21:18.098"}
{"level":"info","message":"✅ Clerk Authentication environment keys detected","timestamp":"2026-07-22 12:21:18.095"}
{"level":"info","message":"⏳ Connecting to database...","timestamp":"2026-07-22 12:21:19.930"}
{"level":"info","message":"✅ Environment variables validated successfully","timestamp":"2026-07-22 12:21:18.098"}
{"level":"info","message":"⏳ Connecting to database...","timestamp":"2026-07-22 12:21:19.930"}
{"level":"info","message":"🚀 Server running on port 5000","timestamp":"2026-07-22 12:21:20.596"}
{"level":"info","message":"✅ Clerk Authentication environment keys detected","timestamp":"2026-07-22 12:21:23.208"}
{"level":"info","message":"✅ Environment variables validated successfully","timestamp":"2026-07-22 12:21:23.209"}
{"level":"info","message":"⏳ Connecting to database...","timestamp":"2026-07-22 12:21:24.132"}
{"ip":"::1","level":"info","message":"Incoming request","method":"POST","requestId":"b4c16547-6a57-4c29-b1cd-512bbb3d7b1a","timestamp":"2026-07-22 12:25:50.711","url":"/api/auth/login"}
{"contentLength":854,"ip":"::1","level":"info","message":"Request completed","method":"POST","requestId":"b4c16547-6a57-4c29-b1cd-512bbb3d7b1a","responseTimeMs":279.44,"statusCode":200,"timestamp":"2026-07-22 12:25:50.990","url":"/api/auth/login"}
{"ip":"::1","level":"info","message":"Incoming request","method":"GET","requestId":"77ad37f4-3186-4ab4-94f6-4faceca0e4ff","timestamp":"2026-07-22 12:25:51.070","url":"/api/vendors/profile"}
{"contentLength":569,"ip":"::1","level":"info","message":"Request completed","method":"GET","requestId":"77ad37f4-3186-4ab4-94f6-4faceca0e4ff","responseTimeMs":80.29,"statusCode":200,"timestamp":"2026-07-22 12:25:51.150","url":"/api/vendors/profile"}
{"ip":"::1","level":"info","message":"Incoming request","method":"GET","requestId":"a0ccb81e-fbd8-491d-9637-4597df5a1312","timestamp":"2026-07-22 12:25:51.163","url":"/api/pos"}
{"ip":"::1","level":"info","message":"Incoming request","method":"GET","requestId":"b2814066-276c-42b2-82cc-724f0372601f","timestamp":"2026-07-22 12:25:51.185","url":"/api/grns"}
{"ip":"::1","level":"info","message":"Incoming request","method":"GET","requestId":"7d7b08bc-3077-4703-be8f-512fd60fddea","timestamp":"2026-07-22 12:25:51.187","url":"/api/asns"}
{"ip":"::1","level":"info","message":"Incoming request","method":"GET","requestId":"fd51e60d-1aa6-4b45-814b-6b222921142c","timestamp":"2026-07-22 12:25:51.189","url":"/api/rfqs?all=true"}
{"ip":"::1","level":"info","message":"Incoming request","method":"GET","requestId":"e3962941-3605-49f8-b948-eb7545050553","timestamp":"2026-07-22 12:25:51.193","url":"/api/invoices"}
{"level":"info","message":"🔌 Client connected to Socket.io: pAjutpQKBkSsKn8CAAAB (vendorId: mock_vendor_86417)","timestamp":"2026-07-22 12:25:51.202"}
{"level":"info","message":"🏢 Socket pAjutpQKBkSsKn8CAAAB joined vendor room: mock_vendor_86417","timestamp":"2026-07-22 12:25:51.203"}
{"ip":"::1","level":"info","message":"Incoming request","method":"GET","requestId":"ec912281-242a-4676-8e5c-4dbd30285f9e","timestamp":"2026-07-22 12:25:51.204","url":"/api/vendors/performance"}
{"contentLength":2,"ip":"::1","level":"info","message":"Request completed","method":"GET","requestId":"7d7b08bc-3077-4703-be8f-512fd60fddea","responseTimeMs":115.64,"statusCode":200,"timestamp":"2026-07-22 12:25:51.303","url":"/api/asns"}
{"contentLength":66,"ip":"::1","level":"info","message":"Request completed","method":"GET","requestId":"b2814066-276c-42b2-82cc-724f0372601f","responseTimeMs":147.82,"statusCode":200,"timestamp":"2026-07-22 12:25:51.333","url":"/api/grns"}
{"contentLength":66,"ip":"::1","level":"info","message":"Request completed","method":"GET","requestId":"fd51e60d-1aa6-4b45-814b-6b222921142c","responseTimeMs":145.4,"statusCode":200,"timestamp":"2026-07-22 12:25:51.335","url":"/api/rfqs?all=true"}
{"contentLength":70,"ip":"::1","level":"info","message":"Request completed","method":"GET","requestId":"e3962941-3605-49f8-b948-eb7545050553","responseTimeMs":150.22,"statusCode":200,"timestamp":"2026-07-22 12:25:51.343","url":"/api/invoices"}
{"contentLength":0,"ip":"::1","level":"info","message":"Request completed","method":"GET","requestId":"a0ccb81e-fbd8-491d-9637-4597df5a1312","responseTimeMs":186.64,"statusCode":200,"timestamp":"2026-07-22 12:25:51.350","url":"/api/pos"}
{"contentLength":187,"ip":"::1","level":"info","message":"Request completed","method":"GET","requestId":"ec912281-242a-4676-8e5c-4dbd30285f9e","responseTimeMs":553.2,"statusCode":200,"timestamp":"2026-07-22 12:25:51.757","url":"/api/vendors/performance"}
{"ip":"::1","level":"info","message":"Incoming request","method":"POST","requestId":"6282a187-972f-46cb-9005-d2257dc658e3","timestamp":"2026-07-22 12:29:30.133","url":"/api/auth/forgot-password"}
{"level":"info","message":"Password reset requested for msingh@sagetl.com: http://localhost:3000/reset-password?token=fcb97ef1a4f40d62a02ca88c1641ec54789dbbd62c4f0f25c249d24d0a930813","timestamp":"2026-07-22 12:29:30.354"}
{"contentLength":102,"ip":"::1","level":"info","message":"Request completed","method":"POST","requestId":"6282a187-972f-46cb-9005-d2257dc658e3","responseTimeMs":226.07,"statusCode":200,"timestamp":"2026-07-22 12:29:30.358","url":"/api/auth/forgot-password"}
{"ip":"::1","level":"info","message":"Incoming request","method":"POST","requestId":"1c35b097-8349-4944-bc4b-cad8b397cf5a","timestamp":"2026-07-22 12:30:26.841","url":"/api/auth/login"}
{"contentLength":854,"ip":"::1","level":"info","message":"Request completed","method":"POST","requestId":"1c35b097-8349-4944-bc4b-cad8b397cf5a","responseTimeMs":215.73,"statusCode":200,"timestamp":"2026-07-22 12:30:27.057","url":"/api/auth/login"}
{"ip":"::1","level":"info","message":"Incoming request","method":"GET","requestId":"cb5161a0-ef3b-470f-9224-93b3b9ce6322","timestamp":"2026-07-22 12:30:27.158","url":"/api/vendors/profile"}
{"contentLength":0,"ip":"::1","level":"info","message":"Request completed","method":"GET","requestId":"cb5161a0-ef3b-470f-9224-93b3b9ce6322","responseTimeMs":102.58,"statusCode":304,"timestamp":"2026-07-22 12:30:27.261","url":"/api/vendors/profile"}
{"ip":"::1","level":"info","message":"Incoming request","method":"GET","requestId":"702f2dcb-6e85-4060-b3a5-ea3e91f5f679","timestamp":"2026-07-22 12:30:27.276","url":"/api/pos"}
{"ip":"::1","level":"info","message":"Incoming request","method":"GET","requestId":"54e79df9-1a0f-4bf9-ad8e-aafeb0209be0","timestamp":"2026-07-22 12:30:27.283","url":"/api/invoices"}
{"ip":"::1","level":"info","message":"Incoming request","method":"GET","requestId":"8284e1fb-6c9c-4250-97e7-8965833d3a11","timestamp":"2026-07-22 12:30:27.286","url":"/api/grns"}
{"ip":"::1","level":"info","message":"Incoming request","method":"GET","requestId":"cd8833ca-fe28-4bdd-9150-15543f206d5c","timestamp":"2026-07-22 12:30:27.290","url":"/api/asns"}
{"ip":"::1","level":"info","message":"Incoming request","method":"GET","requestId":"fc419cbb-f97d-416f-80d0-38b86f89b165","timestamp":"2026-07-22 12:30:27.295","url":"/api/rfqs?all=true"}
{"ip":"::1","level":"info","message":"Incoming request","method":"GET","requestId":"a754094f-4e69-46c8-9684-2c0e6e5b36f8","timestamp":"2026-07-22 12:30:27.299","url":"/api/vendors/performance"}
{"contentLength":0,"ip":"::1","level":"info","message":"Request completed","method":"GET","requestId":"cd8833ca-fe28-4bdd-9150-15543f206d5c","responseTimeMs":110.23,"statusCode":304,"timestamp":"2026-07-22 12:30:27.401","url":"/api/asns"}
{"contentLength":0,"ip":"::1","level":"info","message":"Request completed","method":"GET","requestId":"702f2dcb-6e85-4060-b3a5-ea3e91f5f679","responseTimeMs":139.16,"statusCode":304,"timestamp":"2026-07-22 12:30:27.415","url":"/api/pos"}
{"contentLength":0,"ip":"::1","level":"info","message":"Request completed","method":"GET","requestId":"54e79df9-1a0f-4bf9-ad8e-aafeb0209be0","responseTimeMs":182.04,"statusCode":304,"timestamp":"2026-07-22 12:30:27.465","url":"/api/invoices"}
{"contentLength":0,"ip":"::1","level":"info","message":"Request completed","method":"GET","requestId":"8284e1fb-6c9c-4250-97e7-8965833d3a11","responseTimeMs":180.81,"statusCode":304,"timestamp":"2026-07-22 12:30:27.467","url":"/api/grns"}
{"contentLength":0,"ip":"::1","level":"info","message":"Request completed","method":"GET","requestId":"fc419cbb-f97d-416f-80d0-38b86f89b165","responseTimeMs":174.47,"statusCode":304,"timestamp":"2026-07-22 12:30:27.469","url":"/api/rfqs?all=true"}
{"contentLength":0,"ip":"::1","level":"info","message":"Request completed","method":"GET","requestId":"a754094f-4e69-46c8-9684-2c0e6e5b36f8","responseTimeMs":266.4,"statusCode":304,"timestamp":"2026-07-22 12:30:27.566","url":"/api/vendors/performance"}
{"ip":"::1","level":"info","message":"Incoming request","method":"GET","requestId":"a7744c7e-d83f-45f9-a70d-6734b15a3840","timestamp":"2026-07-22 12:31:44.732","url":"/api/vendors/profile"}
{"contentLength":0,"ip":"::1","level":"info","message":"Request completed","method":"GET","requestId":"a7744c7e-d83f-45f9-a70d-6734b15a3840","responseTimeMs":153.82,"statusCode":304,"timestamp":"2026-07-22 12:31:44.886","url":"/api/vendors/profile"}
{"ip":"::1","level":"info","message":"Incoming request","method":"GET","requestId":"36cab5e8-c6a8-4bda-8739-0eb62b175931","timestamp":"2026-07-22 12:31:44.905","url":"/api/pos"}
{"ip":"::1","level":"info","message":"Incoming request","method":"GET","requestId":"4f3c2127-0489-4374-b954-01c411deee28","timestamp":"2026-07-22 12:31:44.909","url":"/api/grns"}
{"ip":"::1","level":"info","message":"Incoming request","method":"GET","requestId":"c702a674-a82b-4149-b184-bcb523662723","timestamp":"2026-07-22 12:31:44.923","url":"/api/asns"}
{"ip":"::1","level":"info","message":"Incoming request","method":"GET","requestId":"a054783b-6f74-48c4-882b-647476e95596","timestamp":"2026-07-22 12:31:44.926","url":"/api/invoices"}
{"ip":"::1","level":"info","message":"Incoming request","method":"GET","requestId":"ee33de90-f31c-4e42-b92c-5dd5318315eb","timestamp":"2026-07-22 12:31:44.931","url":"/api/rfqs?all=true"}
{"ip":"::1","level":"info","message":"Incoming request","method":"GET","requestId":"da8530d3-bcd8-4f4d-a8ac-dcdc20f65c55","timestamp":"2026-07-22 12:31:44.936","url":"/api/vendors/performance"}
{"contentLength":0,"ip":"::1","level":"info","message":"Request completed","method":"GET","requestId":"c702a674-a82b-4149-b184-bcb523662723","responseTimeMs":99.16,"statusCode":304,"timestamp":"2026-07-22 12:31:45.022","url":"/api/asns"}
{"contentLength":0,"ip":"::1","level":"info","message":"Request completed","method":"GET","requestId":"4f3c2127-0489-4374-b954-01c411deee28","responseTimeMs":181.89,"statusCode":304,"timestamp":"2026-07-22 12:31:45.091","url":"/api/grns"}
{"contentLength":0,"ip":"::1","level":"info","message":"Request completed","method":"GET","requestId":"36cab5e8-c6a8-4bda-8739-0eb62b175931","responseTimeMs":191.61,"statusCode":304,"timestamp":"2026-07-22 12:31:45.096","url":"/api/pos"}
{"contentLength":0,"ip":"::1","level":"info","message":"Request completed","method":"GET","requestId":"a054783b-6f74-48c4-882b-647476e95596","responseTimeMs":172.73,"statusCode":304,"timestamp":"2026-07-22 12:31:45.099","url":"/api/invoices"}
{"contentLength":0,"ip":"::1","level":"info","message":"Request completed","method":"GET","requestId":"ee33de90-f31c-4e42-b92c-5dd5318315eb","responseTimeMs":170.9,"statusCode":304,"timestamp":"2026-07-22 12:31:45.102","url":"/api/rfqs?all=true"}
{"contentLength":0,"ip":"::1","level":"info","message":"Request completed","method":"GET","requestId":"da8530d3-bcd8-4f4d-a8ac-dcdc20f65c55","responseTimeMs":282.16,"statusCode":304,"timestamp":"2026-07-22 12:31:45.218","url":"/api/vendors/performance"}
{"ip":"::1","level":"info","message":"Incoming request","method":"POST","requestId":"587ebf70-1549-4bf9-ab6c-c8ced1b33bd0","timestamp":"2026-07-22 12:33:34.939","url":"/api/auth/register"}
{"contentLength":718,"ip":"::1","level":"info","message":"Request completed","method":"POST","requestId":"587ebf70-1549-4bf9-ab6c-c8ced1b33bd0","responseTimeMs":422.96,"statusCode":201,"timestamp":"2026-07-22 12:33:35.361","url":"/api/auth/register"}
{"ip":"::1","level":"info","message":"Incoming request","method":"GET","requestId":"337e0fe4-9f36-49eb-9546-75081005ff16","timestamp":"2026-07-22 12:33:35.511","url":"/api/vendors/profile"}
{"contentLength":445,"ip":"::1","level":"info","message":"Request completed","method":"GET","requestId":"337e0fe4-9f36-49eb-9546-75081005ff16","responseTimeMs":84.61,"statusCode":200,"timestamp":"2026-07-22 12:33:35.596","url":"/api/vendors/profile"}
{"level":"info","message":"🔌 Client disconnected from Socket.io: pAjutpQKBkSsKn8CAAAB","timestamp":"2026-07-22 12:33:35.627"}
{"ip":"::1","level":"info","message":"Incoming request","method":"GET","requestId":"ab5e6c0e-2ad4-4b45-83dc-b2688e484ef3","timestamp":"2026-07-22 12:33:35.631","url":"/api/pos"}
{"ip":"::1","level":"info","message":"Incoming request","method":"GET","requestId":"72cc2f3c-8861-4ab5-9d02-bfd7a93288f3","timestamp":"2026-07-22 12:33:35.656","url":"/api/grns"}
{"ip":"::1","level":"info","message":"Incoming request","method":"GET","requestId":"4ebf9bae-e568-4f68-b841-902420841f43","timestamp":"2026-07-22 12:33:35.659","url":"/api/asns"}
{"ip":"::1","level":"info","message":"Incoming request","method":"GET","requestId":"9201a1b8-0cc1-4345-bd79-7d0f3d6712e9","timestamp":"2026-07-22 12:33:35.661","url":"/api/invoices"}
{"ip":"::1","level":"info","message":"Incoming request","method":"GET","requestId":"99484bba-9c4e-45d0-a7dd-c2e3fefbe8a6","timestamp":"2026-07-22 12:33:35.665","url":"/api/rfqs?all=true"}
{"level":"info","message":"🔌 Client connected to Socket.io: oOR8e7ttzn6UokIAAAAD (vendorId: VND-91326)","timestamp":"2026-07-22 12:33:35.682"}
{"level":"info","message":"🏢 Socket oOR8e7ttzn6UokIAAAAD joined vendor room: VND-91326","timestamp":"2026-07-22 12:33:35.683"}
{"contentLength":0,"ip":"::1","level":"info","message":"Request completed","method":"GET","requestId":"4ebf9bae-e568-4f68-b841-902420841f43","responseTimeMs":63.25,"statusCode":304,"timestamp":"2026-07-22 12:33:35.723","url":"/api/asns"}
{"contentLength":0,"ip":"::1","level":"info","message":"Request completed","method":"GET","requestId":"72cc2f3c-8861-4ab5-9d02-bfd7a93288f3","responseTimeMs":120.24,"statusCode":304,"timestamp":"2026-07-22 12:33:35.776","url":"/api/grns"}
{"contentLength":65,"ip":"::1","level":"info","message":"Request completed","method":"GET","requestId":"ab5e6c0e-2ad4-4b45-83dc-b2688e484ef3","responseTimeMs":161.36,"statusCode":200,"timestamp":"2026-07-22 12:33:35.792","url":"/api/pos"}
{"contentLength":0,"ip":"::1","level":"info","message":"Request completed","method":"GET","requestId":"9201a1b8-0cc1-4345-bd79-7d0f3d6712e9","responseTimeMs":141.03,"statusCode":304,"timestamp":"2026-07-22 12:33:35.802","url":"/api/invoices"}
{"contentLength":0,"ip":"::1","level":"info","message":"Request completed","method":"GET","requestId":"99484bba-9c4e-45d0-a7dd-c2e3fefbe8a6","responseTimeMs":141.17,"statusCode":304,"timestamp":"2026-07-22 12:33:35.807","url":"/api/rfqs?all=true"}
{"ip":"::1","level":"info","message":"Incoming request","method":"GET","requestId":"a9faf71b-f2ab-4a6b-b4a9-849b4690bcaf","timestamp":"2026-07-22 12:33:39.996","url":"/api/vendors/profile"}
{"contentLength":0,"ip":"::1","level":"info","message":"Request completed","method":"GET","requestId":"a9faf71b-f2ab-4a6b-b4a9-849b4690bcaf","responseTimeMs":93.84,"statusCode":304,"timestamp":"2026-07-22 12:33:40.090","url":"/api/vendors/profile"}
{"ip":"::1","level":"info","message":"Incoming request","method":"GET","requestId":"ac2c3fca-4995-436d-a5b3-e1dfd9ae0490","timestamp":"2026-07-22 12:33:40.156","url":"/api/pos"}
{"ip":"::1","level":"info","message":"Incoming request","method":"GET","requestId":"c305fceb-c862-4990-99c4-7c7004274f23","timestamp":"2026-07-22 12:33:40.158","url":"/api/grns"}
{"ip":"::1","level":"info","message":"Incoming request","method":"GET","requestId":"8ad57485-a34b-401b-8f9d-f9d690691f90","timestamp":"2026-07-22 12:33:40.161","url":"/api/asns"}
{"ip":"::1","level":"info","message":"Incoming request","method":"GET","requestId":"4605aef2-81e4-4d28-aef1-ed08865c380c","timestamp":"2026-07-22 12:33:40.163","url":"/api/invoices"}
{"ip":"::1","level":"info","message":"Incoming request","method":"GET","requestId":"9a6e5d82-146a-4ec6-951c-8b66bd5f6a12","timestamp":"2026-07-22 12:33:40.165","url":"/api/rfqs?all=true"}
{"contentLength":0,"ip":"::1","level":"info","message":"Request completed","method":"GET","requestId":"8ad57485-a34b-401b-8f9d-f9d690691f90","responseTimeMs":60.17,"statusCode":304,"timestamp":"2026-07-22 12:33:40.221","url":"/api/asns"}
{"contentLength":0,"ip":"::1","level":"info","message":"Request completed","method":"GET","requestId":"ac2c3fca-4995-436d-a5b3-e1dfd9ae0490","responseTimeMs":114.05,"statusCode":304,"timestamp":"2026-07-22 12:33:40.270","url":"/api/pos"}
{"contentLength":0,"ip":"::1","level":"info","message":"Request completed","method":"GET","requestId":"c305fceb-c862-4990-99c4-7c7004274f23","responseTimeMs":113.55,"statusCode":304,"timestamp":"2026-07-22 12:33:40.272","url":"/api/grns"}
{"contentLength":0,"ip":"::1","level":"info","message":"Request completed","method":"GET","requestId":"4605aef2-81e4-4d28-aef1-ed08865c380c","responseTimeMs":110.24,"statusCode":304,"timestamp":"2026-07-22 12:33:40.273","url":"/api/invoices"}
{"contentLength":0,"ip":"::1","level":"info","message":"Request completed","method":"GET","requestId":"9a6e5d82-146a-4ec6-951c-8b66bd5f6a12","responseTimeMs":110.27,"statusCode":304,"timestamp":"2026-07-22 12:33:40.275","url":"/api/rfqs?all=true"}
{"ip":"::1","level":"info","message":"Incoming request","method":"POST","requestId":"831d407c-bd5a-419b-8950-2eaa992c89ba","timestamp":"2026-07-22 12:35:35.387","url":"/api/vendors/profile"}
{"body":{"__v":0,"_id":"6a606b476d33aabe613ac85c","accountName":"","accountNumber":"","address":"","bankBranch":"","bankDetails":{"accountHolderName":"","accountName":"","accountNumber":"","accountType":"Current","bankName":"","branch":"","ifscCode":""},"bankName":"","businessType":"","cancelledCheque":null,"cin":"ASJKDNAJKSDKANDKJASND","city":"","companyName":"Acme Group","createdAt":"2026-07-22T07:03:35.184Z","email":"msingh@acme.org","gstCertificate":null,"gstType":"01","gstin":"22ABCDE1112A1Z3","id":"6a606b476d33aabe613ac85c","ifscCode":"","incorporationCertificate":null,"incorporationDate":"","isoCertificate":null,"itReturns":null,"msmeCertificate":null,"msmeNumber":"SDDSN-SBDB-SDJBF-SDF","pan":"PQWST2723D","panCardCopy":null,"phone":"","postalCode":"","role":"vendor","state":"","status":"Draft","tdsSection":"194I","tradeName":"","updatedAt":"2026-07-22T07:03:35.184Z","vendorId":"VND-91326"},"contentLength":487,"ip":"::1","level":"warn","message":"Request warning 400","method":"POST","requestId":"831d407c-bd5a-419b-8950-2eaa992c89ba","responseTimeMs":19.98,"statusCode":400,"timestamp":"2026-07-22 12:35:35.408","url":"/api/vendors/profile"}
{"ip":"::1","level":"info","message":"Incoming request","method":"PUT","requestId":"0d433926-692a-43ec-a1ba-9b0c68babf78","timestamp":"2026-07-22 12:35:35.411","url":"/api/vendors/profile"}
{"ip":"::1","level":"info","message":"Incoming request","method":"GET","requestId":"d50d956f-d099-4c81-bc31-b808951772ea","timestamp":"2026-07-22 12:35:35.415","url":"/api/pos"}
{"ip":"::1","level":"info","message":"Incoming request","method":"GET","requestId":"e7a6b598-1642-4fa9-9525-fdaf9f100ae0","timestamp":"2026-07-22 12:35:35.417","url":"/api/grns"}
{"ip":"::1","level":"info","message":"Incoming request","method":"GET","requestId":"76662300-ce1f-48b4-8a77-b04605dedc4f","timestamp":"2026-07-22 12:35:35.419","url":"/api/asns"}
{"ip":"::1","level":"info","message":"Incoming request","method":"GET","requestId":"713f0ff4-4937-4287-ada5-0f007ef87be8","timestamp":"2026-07-22 12:35:35.420","url":"/api/invoices"}
{"ip":"::1","level":"info","message":"Incoming request","method":"GET","requestId":"55ea8216-fe3a-4843-ae44-7422c2db9791","timestamp":"2026-07-22 12:35:35.421","url":"/api/rfqs?all=true"}
{"body":{"__v":0,"_id":"6a606b476d33aabe613ac85c","accountName":"","accountNumber":"","address":"","bankBranch":"","bankDetails":{"accountHolderName":"","accountName":"","accountNumber":"","accountType":"Current","bankName":"","branch":"","ifscCode":""},"bankName":"","businessType":"","cancelledCheque":null,"cin":"ASJKDNAJKSDKANDKJASND","city":"","companyName":"Acme Group","createdAt":"2026-07-22T07:03:35.184Z","email":"msingh@acme.org","gstCertificate":null,"gstType":"01","gstin":"22ABCDE1112A1Z3","id":"6a606b476d33aabe613ac85c","ifscCode":"","incorporationCertificate":null,"incorporationDate":"","isoCertificate":null,"itReturns":null,"msmeCertificate":null,"msmeNumber":"SDDSN-SBDB-SDJBF-SDF","pan":"PQWST2723D","panCardCopy":null,"phone":"","postalCode":"","role":"vendor","state":"","status":"Draft","tdsSection":"194I","tradeName":"","updatedAt":"2026-07-22T07:03:35.184Z","vendorId":"VND-91326"},"contentLength":487,"ip":"::1","level":"warn","message":"Request warning 400","method":"PUT","requestId":"0d433926-692a-43ec-a1ba-9b0c68babf78","responseTimeMs":88.54,"statusCode":400,"timestamp":"2026-07-22 12:35:35.500","url":"/api/vendors/profile"}
{"contentLength":0,"ip":"::1","level":"info","message":"Request completed","method":"GET","requestId":"76662300-ce1f-48b4-8a77-b04605dedc4f","responseTimeMs":168.54,"statusCode":304,"timestamp":"2026-07-22 12:35:35.587","url":"/api/asns"}
{"contentLength":0,"ip":"::1","level":"info","message":"Request completed","method":"GET","requestId":"d50d956f-d099-4c81-bc31-b808951772ea","responseTimeMs":208.66,"statusCode":304,"timestamp":"2026-07-22 12:35:35.624","url":"/api/pos"}
{"contentLength":0,"ip":"::1","level":"info","message":"Request completed","method":"GET","requestId":"e7a6b598-1642-4fa9-9525-fdaf9f100ae0","responseTimeMs":213.52,"statusCode":304,"timestamp":"2026-07-22 12:35:35.631","url":"/api/grns"}
{"contentLength":0,"ip":"::1","level":"info","message":"Request completed","method":"GET","requestId":"713f0ff4-4937-4287-ada5-0f007ef87be8","responseTimeMs":268.26,"statusCode":304,"timestamp":"2026-07-22 12:35:35.688","url":"/api/invoices"}
{"contentLength":0,"ip":"::1","level":"info","message":"Request completed","method":"GET","requestId":"55ea8216-fe3a-4843-ae44-7422c2db9791","responseTimeMs":267.87,"statusCode":304,"timestamp":"2026-07-22 12:35:35.689","url":"/api/rfqs?all=true"}
{"ip":"::1","level":"info","message":"Incoming request","method":"POST","requestId":"59f99ee8-577e-4b1e-a922-232c305c0a17","timestamp":"2026-07-22 12:37:59.772","url":"/api/vendors/profile"}
{"body":{"__v":0,"_id":"6a606b476d33aabe613ac85c","accountName":"Acme Group Pvt. Ltd.","accountNumber":"218390829381903890","address":"","bankBranch":"","bankDetails":{"accountHolderName":"","accountName":"","accountNumber":"","accountType":"Current","bankName":"","branch":"","ifscCode":""},"bankName":"","businessType":"","cancelledCheque":null,"cin":"ASJKDNAJKSDKANDKJASND","city":"","companyName":"Acme Group","createdAt":"2026-07-22T07:03:35.184Z","email":"msingh@acme.org","gstCertificate":null,"gstType":"01","gstin":"22ABCDE1112A1Z3","id":"6a606b476d33aabe613ac85c","ifscCode":"IDIB000R088","incorporationCertificate":null,"incorporationDate":"","isoCertificate":null,"itReturns":null,"msmeCertificate":null,"msmeNumber":"SDDSN-SBDB-SDJBF-SDF","pan":"PQWST2723D","panCardCopy":null,"phone":"","postalCode":"","role":"vendor","state":"","status":"Draft","tdsSection":"194I","tradeName":"","updatedAt":"2026-07-22T07:03:35.184Z","vendorId":"VND-91326"},"contentLength":487,"ip":"::1","level":"warn","message":"Request warning 400","method":"POST","requestId":"59f99ee8-577e-4b1e-a922-232c305c0a17","responseTimeMs":3.36,"statusCode":400,"timestamp":"2026-07-22 12:37:59.776","url":"/api/vendors/profile"}
{"ip":"::1","level":"info","message":"Incoming request","method":"GET","requestId":"57df864e-5549-46fa-a5a1-437c993c094a","timestamp":"2026-07-22 12:37:59.783","url":"/api/pos"}
{"ip":"::1","level":"info","message":"Incoming request","method":"GET","requestId":"7d71e13c-3a73-4c2b-b617-8cff16f2ff09","timestamp":"2026-07-22 12:37:59.788","url":"/api/grns"}
{"ip":"::1","level":"info","message":"Incoming request","method":"GET","requestId":"e6aaa4de-00b5-432d-991b-fb4c0aba4665","timestamp":"2026-07-22 12:37:59.792","url":"/api/asns"}
{"ip":"::1","level":"info","message":"Incoming request","method":"GET","requestId":"73e25500-777a-4de3-ba3c-3e112a9b65bc","timestamp":"2026-07-22 12:37:59.794","url":"/api/invoices"}
{"ip":"::1","level":"info","message":"Incoming request","method":"GET","requestId":"3a7123ed-55e8-4012-b539-2b942731de41","timestamp":"2026-07-22 12:37:59.796","url":"/api/rfqs?all=true"}
{"ip":"::1","level":"info","message":"Incoming request","method":"PUT","requestId":"2e0810dd-a28b-4fc3-b004-6b6070d2c6a1","timestamp":"2026-07-22 12:37:59.798","url":"/api/vendors/profile"}
{"body":{"__v":0,"_id":"6a606b476d33aabe613ac85c","accountName":"Acme Group Pvt. Ltd.","accountNumber":"218390829381903890","address":"","bankBranch":"","bankDetails":{"accountHolderName":"","accountName":"","accountNumber":"","accountType":"Current","bankName":"","branch":"","ifscCode":""},"bankName":"","businessType":"","cancelledCheque":null,"cin":"ASJKDNAJKSDKANDKJASND","city":"","companyName":"Acme Group","createdAt":"2026-07-22T07:03:35.184Z","email":"msingh@acme.org","gstCertificate":null,"gstType":"01","gstin":"22ABCDE1112A1Z3","id":"6a606b476d33aabe613ac85c","ifscCode":"IDIB000R088","incorporationCertificate":null,"incorporationDate":"","isoCertificate":null,"itReturns":null,"msmeCertificate":null,"msmeNumber":"SDDSN-SBDB-SDJBF-SDF","pan":"PQWST2723D","panCardCopy":null,"phone":"","postalCode":"","role":"vendor","state":"","status":"Draft","tdsSection":"194I","tradeName":"","updatedAt":"2026-07-22T07:03:35.184Z","vendorId":"VND-91326"},"contentLength":487,"ip":"::1","level":"warn","message":"Request warning 400","method":"PUT","requestId":"2e0810dd-a28b-4fc3-b004-6b6070d2c6a1","responseTimeMs":77.68,"statusCode":400,"timestamp":"2026-07-22 12:37:59.876","url":"/api/vendors/profile"}
{"contentLength":0,"ip":"::1","level":"info","message":"Request completed","method":"GET","requestId":"e6aaa4de-00b5-432d-991b-fb4c0aba4665","responseTimeMs":104.85,"statusCode":304,"timestamp":"2026-07-22 12:37:59.897","url":"/api/asns"}
{"contentLength":0,"ip":"::1","level":"info","message":"Request completed","method":"GET","requestId":"57df864e-5549-46fa-a5a1-437c993c094a","responseTimeMs":132.11,"statusCode":304,"timestamp":"2026-07-22 12:37:59.915","url":"/api/pos"}
{"contentLength":0,"ip":"::1","level":"info","message":"Request completed","method":"GET","requestId":"73e25500-777a-4de3-ba3c-3e112a9b65bc","responseTimeMs":169.06,"statusCode":304,"timestamp":"2026-07-22 12:37:59.963","url":"/api/invoices"}
{"contentLength":0,"ip":"::1","level":"info","message":"Request completed","method":"GET","requestId":"7d71e13c-3a73-4c2b-b617-8cff16f2ff09","responseTimeMs":176.02,"statusCode":304,"timestamp":"2026-07-22 12:37:59.964","url":"/api/grns"}
{"contentLength":0,"ip":"::1","level":"info","message":"Request completed","method":"GET","requestId":"3a7123ed-55e8-4012-b539-2b942731de41","responseTimeMs":169.88,"statusCode":304,"timestamp":"2026-07-22 12:37:59.966","url":"/api/rfqs?all=true"}
{"ip":"::1","level":"info","message":"Incoming request","method":"POST","requestId":"d4601c18-69c6-4d7e-899e-3498ab268b0b","timestamp":"2026-07-22 12:38:06.069","url":"/api/vendors/profile"}
{"body":{"__v":0,"_id":"6a606b476d33aabe613ac85c","accountName":"Acme Group Pvt. Ltd.","accountNumber":"218390829381903890","address":"","bankBranch":"","bankDetails":{"accountHolderName":"","accountName":"","accountNumber":"","accountType":"Current","bankName":"","branch":"","ifscCode":""},"bankName":"","businessType":"","cancelledCheque":null,"cin":"ASJKDNAJKSDKANDKJASND","city":"","companyName":"Acme Group","createdAt":"2026-07-22T07:03:35.184Z","email":"msingh@acme.org","gstCertificate":null,"gstType":"01","gstin":"22ABCDE1112A1Z3","id":"6a606b476d33aabe613ac85c","ifscCode":"IDIB000R088","incorporationCertificate":null,"incorporationDate":"","isoCertificate":null,"itReturns":null,"msmeCertificate":null,"msmeNumber":"SDDSN-SBDB-SDJBF-SDF","pan":"PQWST2723D","panCardCopy":null,"phone":"","postalCode":"","role":"vendor","state":"","status":"Pending Approval","submittedAt":"2026-07-22T07:08:06.068Z","tdsSection":"194I","tradeName":"","updatedAt":"2026-07-22T07:03:35.184Z","vendorId":"VND-91326"},"contentLength":487,"ip":"::1","level":"warn","message":"Request warning 400","method":"POST","requestId":"d4601c18-69c6-4d7e-899e-3498ab268b0b","responseTimeMs":1.16,"statusCode":400,"timestamp":"2026-07-22 12:38:06.070","url":"/api/vendors/profile"}
{"ip":"::1","level":"info","message":"Incoming request","method":"GET","requestId":"eb1d9e99-1f0d-4234-a448-a3d718a68ece","timestamp":"2026-07-22 12:38:06.075","url":"/api/pos"}
{"ip":"::1","level":"info","message":"Incoming request","method":"GET","requestId":"d57e0929-6a4d-43e7-9404-b56d97275861","timestamp":"2026-07-22 12:38:06.077","url":"/api/grns"}
{"ip":"::1","level":"info","message":"Incoming request","method":"GET","requestId":"16d59088-0b64-4bd2-b3d2-027e6b2e9713","timestamp":"2026-07-22 12:38:06.083","url":"/api/asns"}
{"ip":"::1","level":"info","message":"Incoming request","method":"GET","requestId":"10abec19-e8f1-4788-836d-f3e9ffcd7ac8","timestamp":"2026-07-22 12:38:06.085","url":"/api/invoices"}
{"ip":"::1","level":"info","message":"Incoming request","method":"GET","requestId":"136a474e-a2c2-4140-968b-c95f2fd7a29e","timestamp":"2026-07-22 12:38:06.087","url":"/api/rfqs?all=true"}
{"ip":"::1","level":"info","message":"Incoming request","method":"POST","requestId":"8c76ae5f-c34c-4188-ba9c-b63a857d9fb9","timestamp":"2026-07-22 12:38:06.091","url":"/api/vendors/profile/submit"}
{"contentLength":0,"ip":"::1","level":"info","message":"Request completed","method":"GET","requestId":"16d59088-0b64-4bd2-b3d2-027e6b2e9713","responseTimeMs":70.9,"statusCode":304,"timestamp":"2026-07-22 12:38:06.154","url":"/api/asns"}
{"contentLength":0,"ip":"::1","level":"info","message":"Request completed","method":"GET","requestId":"d57e0929-6a4d-43e7-9404-b56d97275861","responseTimeMs":135.61,"statusCode":304,"timestamp":"2026-07-22 12:38:06.213","url":"/api/grns"}
{"contentLength":0,"ip":"::1","level":"info","message":"Request completed","method":"GET","requestId":"10abec19-e8f1-4788-836d-f3e9ffcd7ac8","responseTimeMs":148.9,"statusCode":304,"timestamp":"2026-07-22 12:38:06.234","url":"/api/invoices"}
{"contentLength":0,"ip":"::1","level":"info","message":"Request completed","method":"GET","requestId":"136a474e-a2c2-4140-968b-c95f2fd7a29e","responseTimeMs":151.63,"statusCode":304,"timestamp":"2026-07-22 12:38:06.238","url":"/api/rfqs?all=true"}
{"contentLength":0,"ip":"::1","level":"info","message":"Request completed","method":"GET","requestId":"eb1d9e99-1f0d-4234-a448-a3d718a68ece","responseTimeMs":166.09,"statusCode":304,"timestamp":"2026-07-22 12:38:06.241","url":"/api/pos"}
{"contentLength":602,"ip":"::1","level":"info","message":"Request completed","method":"POST","requestId":"8c76ae5f-c34c-4188-ba9c-b63a857d9fb9","responseTimeMs":222.15,"statusCode":200,"timestamp":"2026-07-22 12:38:06.313","url":"/api/vendors/profile/submit"}
{"ip":"::1","level":"info","message":"Incoming request","method":"GET","requestId":"cf458007-28ce-420f-8a0d-2ccaba24cdb4","timestamp":"2026-07-22 12:38:10.740","url":"/api/pos"}
{"ip":"::1","level":"info","message":"Incoming request","method":"GET","requestId":"9efc1e9b-c26f-47cd-a5f6-faeef3fea014","timestamp":"2026-07-22 12:38:10.743","url":"/api/grns"}
{"ip":"::1","level":"info","message":"Incoming request","method":"GET","requestId":"a7305af8-0f4c-4598-9583-6ae992e225bb","timestamp":"2026-07-22 12:38:10.745","url":"/api/asns"}
{"ip":"::1","level":"info","message":"Incoming request","method":"GET","requestId":"6f5f793c-62ae-43a5-b997-1cfa98fd2333","timestamp":"2026-07-22 12:38:10.748","url":"/api/invoices"}
{"ip":"::1","level":"info","message":"Incoming request","method":"GET","requestId":"e3485c0c-d5bc-4f90-9b4f-16d74c1ca16b","timestamp":"2026-07-22 12:38:10.750","url":"/api/rfqs?all=true"}
{"ip":"::1","level":"info","message":"Incoming request","method":"GET","requestId":"dbf2a8a6-a682-4d7b-bb90-7e53928261c2","timestamp":"2026-07-22 12:38:10.753","url":"/api/vendors/performance"}
{"contentLength":0,"ip":"::1","level":"info","message":"Request completed","method":"GET","requestId":"a7305af8-0f4c-4598-9583-6ae992e225bb","responseTimeMs":108.42,"statusCode":304,"timestamp":"2026-07-22 12:38:10.854","url":"/api/asns"}
{"contentLength":0,"ip":"::1","level":"info","message":"Request completed","method":"GET","requestId":"cf458007-28ce-420f-8a0d-2ccaba24cdb4","responseTimeMs":130.9,"statusCode":304,"timestamp":"2026-07-22 12:38:10.871","url":"/api/pos"}
{"contentLength":0,"ip":"::1","level":"info","message":"Request completed","method":"GET","requestId":"6f5f793c-62ae-43a5-b997-1cfa98fd2333","responseTimeMs":124.1,"statusCode":304,"timestamp":"2026-07-22 12:38:10.872","url":"/api/invoices"}
{"contentLength":0,"ip":"::1","level":"info","message":"Request completed","method":"GET","requestId":"e3485c0c-d5bc-4f90-9b4f-16d74c1ca16b","responseTimeMs":171.16,"statusCode":304,"timestamp":"2026-07-22 12:38:10.921","url":"/api/rfqs?all=true"}
{"contentLength":0,"ip":"::1","level":"info","message":"Request completed","method":"GET","requestId":"9efc1e9b-c26f-47cd-a5f6-faeef3fea014","responseTimeMs":179.14,"statusCode":304,"timestamp":"2026-07-22 12:38:10.922","url":"/api/grns"}
{"contentLength":148,"ip":"::1","level":"info","message":"Request completed","method":"GET","requestId":"dbf2a8a6-a682-4d7b-bb90-7e53928261c2","responseTimeMs":217.7,"statusCode":200,"timestamp":"2026-07-22 12:38:10.971","url":"/api/vendors/performance"}
{"level":"info","message":"✅ Clerk Authentication environment keys detected","timestamp":"2026-07-22 12:41:39.383"}
{"level":"info","message":"✅ Environment variables validated successfully","timestamp":"2026-07-22 12:41:39.385"}
{"level":"info","message":"⏳ Connecting to database...","timestamp":"2026-07-22 12:41:40.706"}
{"level":"info","message":"✅ Clerk Authentication environment keys detected","timestamp":"2026-07-22 12:41:39.274"}
{"level":"info","message":"✅ Environment variables validated successfully","timestamp":"2026-07-22 12:41:39.276"}
{"level":"info","message":"⏳ Connecting to database...","timestamp":"2026-07-22 12:41:40.709"}
{"level":"info","message":"🚀 Server running on port 5000","timestamp":"2026-07-22 12:41:42.317"}
{"level":"info","message":"🔌 Client connected to Socket.io: 6TFhtt0KZSjC6hcmAAAB (vendorId: VND-91326)","timestamp":"2026-07-22 12:41:42.499"}
{"level":"info","message":"🏢 Socket 6TFhtt0KZSjC6hcmAAAB joined vendor room: VND-91326","timestamp":"2026-07-22 12:41:42.499"}
{"level":"info","message":"✅ Clerk Authentication environment keys detected","timestamp":"2026-07-22 12:42:13.231"}
{"level":"info","message":"✅ Environment variables validated successfully","timestamp":"2026-07-22 12:42:13.232"}
{"level":"info","message":"⏳ Connecting to database...","timestamp":"2026-07-22 12:42:14.741"}
{"level":"info","message":"✅ Clerk Authentication environment keys detected","timestamp":"2026-07-22 12:42:13.029"}
{"level":"info","message":"✅ Environment variables validated successfully","timestamp":"2026-07-22 12:42:13.031"}
{"level":"info","message":"⏳ Connecting to database...","timestamp":"2026-07-22 12:42:14.770"}
{"level":"info","message":"🚀 Server running on port 5000","timestamp":"2026-07-22 12:42:15.279"}
{"level":"info","message":"🔌 Client connected to Socket.io: SUJjl6Hzwkj9hI-0AAAB (vendorId: VND-91326)","timestamp":"2026-07-22 12:42:15.481"}
{"level":"info","message":"🏢 Socket SUJjl6Hzwkj9hI-0AAAB joined vendor room: VND-91326","timestamp":"2026-07-22 12:42:15.482"}
